#
# There is insufficient memory for the Java Runtime Environment to continue.
# Native memory allocation (malloc) failed to allocate 1526640 bytes. Error detail: Chunk::new
# Possible reasons:
#   The system is out of physical RAM or swap space
#   This process is running with CompressedOops enabled, and the Java Heap may be blocking the growth of the native heap
# Possible solutions:
#   Reduce memory load on the system
#   Increase physical memory or swap space
#   Check if swap backing store is full
#   Decrease Java heap size (-Xmx/-Xms)
#   Decrease number of Java threads
#   Decrease Java thread stack sizes (-Xss)
#   Set larger code cache with -XX:ReservedCodeCacheSize=
#   JVM is running with Unscaled Compressed Oops mode in which the Java heap is
#     placed in the first 4GB address space. The Java Heap base address is the
#     maximum limit for the native heap growth. Please use -XX:HeapBaseMinAddress
#     to set the Java Heap base and to place the Java Heap above 4GB virtual address.
# This output file may be truncated or incomplete.
#
#  Out of Memory Error (arena.cpp:168), pid=22092, tid=4644
#
# JRE version: OpenJDK Runtime Environment Temurin-21.0.8+9 (21.0.8+9) (build 21.0.8+9-LTS)
# Java VM: OpenJDK 64-Bit Server VM Temurin-21.0.8+9 (21.0.8+9-LTS, mixed mode, sharing, tiered, compressed oops, compressed class ptrs, g1 gc, windows-amd64)
# No core dump will be written. Minidumps are not enabled by default on client versions of Windows
#

---------------  S U M M A R Y ------------

Command Line: --add-opens=java.base/java.lang=ALL-UNNAMED --add-opens=java.base/java.lang.invoke=ALL-UNNAMED --add-opens=java.base/java.util=ALL-UNNAMED --add-opens=java.prefs/java.util.prefs=ALL-UNNAMED --add-exports=jdk.compiler/com.sun.tools.javac.api=ALL-UNNAMED --add-exports=jdk.compiler/com.sun.tools.javac.util=ALL-UNNAMED --add-opens=java.base/java.util=ALL-UNNAMED --add-opens=java.prefs/java.util.prefs=ALL-UNNAMED --add-opens=java.base/java.nio.charset=ALL-UNNAMED --add-opens=java.base/java.net=ALL-UNNAMED --add-opens=java.base/java.util.concurrent=ALL-UNNAMED --add-opens=java.base/java.util.concurrent.atomic=ALL-UNNAMED --add-opens=java.xml/javax.xml.namespace=ALL-UNNAMED --add-opens=java.base/java.time=ALL-UNNAMED -XX:MaxMetaspaceSize=384m -XX:+HeapDumpOnOutOfMemoryError -Xms256m -Xmx512m -Dfile.encoding=UTF-8 -Duser.country=US -Duser.language=en -Duser.variant -javaagent:C:\Users\Admin\.gradle\wrapper\dists\gradle-9.3.1-bin\23ovyewtku6u96viwx3xl3oks\gradle-9.3.1\lib\agents\gradle-instrumentation-agent-9.3.1.jar org.gradle.launcher.daemon.bootstrap.GradleDaemon 9.3.1

Host: 12th Gen Intel(R) Core(TM) i5-1240P, 16 cores, 15G,  Windows 11 , 64 bit Build 26100 (10.0.26100.8115)
Time: Tue Apr 14 13:35:30 2026 SE Asia Standard Time elapsed time: 4.338897 seconds (0d 0h 0m 4s)

---------------  T H R E A D  ---------------

Current thread (0x000002266e081f80):  JavaThread "C2 CompilerThread0" daemon [_thread_in_native, id=4644, stack(0x000000f0f1f00000,0x000000f0f2000000) (1024K)]


Current CompileTask:
C2:4338 4015       4       java.net.URLClassLoader$1::run (5 bytes)

Stack: [0x000000f0f1f00000,0x000000f0f2000000]
Native frames: (J=compiled Java code, j=interpreted, Vv=VM code, C=native code)
V  [jvm.dll+0x6d2449]
V  [jvm.dll+0x8ae341]
V  [jvm.dll+0x8b08be]
V  [jvm.dll+0x8b0fa3]
V  [jvm.dll+0x280c96]
V  [jvm.dll+0xc581d]
V  [jvm.dll+0xc5d53]
V  [jvm.dll+0x3b919c]
V  [jvm.dll+0x1e1409]
V  [jvm.dll+0x249022]
V  [jvm.dll+0x2484af]
V  [jvm.dll+0x1c89ee]
V  [jvm.dll+0x257d4d]
V  [jvm.dll+0x2562ea]
V  [jvm.dll+0x3f2d16]
V  [jvm.dll+0x857e6b]
V  [jvm.dll+0x6d0b0d]
C  [ucrtbase.dll+0x37b0]
C  [KERNEL32.DLL+0x2e8d7]
C  [ntdll.dll+0x8c3fc]


---------------  P R O C E S S  ---------------

Threads class SMR info:
_java_thread_list=0x0000022676f59d00, length=43, elements={
0x000002263af56940, 0x0000022658bc8d80, 0x0000022658bc99d0, 0x0000022658bce810,
0x0000022658bcfd30, 0x0000022658bd4a30, 0x0000022658c01880, 0x000002266e081f80,
0x000002266e085b20, 0x0000022658c004d0, 0x000002266e212a00, 0x000002266e2523f0,
0x0000022658bfea90, 0x000002266e5764a0, 0x00000226733b5d10, 0x0000022658c00b60,
0x0000022658bff7b0, 0x0000022658bffe40, 0x0000022658bff120, 0x0000022658c011f0,
0x00000226740a0fd0, 0x00000226740a3730, 0x00000226740a2380, 0x00000226740a2a10,
0x00000226740a1660, 0x00000226740a4450, 0x00000226740a5170, 0x00000226740a1cf0,
0x00000226755ffc70, 0x00000226740a5800, 0x00000226740a6520, 0x00000226740a4ae0,
0x00000226740a30a0, 0x00000226740a3dc0, 0x00000226740a6bb0, 0x00000226740a5e90,
0x00000226740a7240, 0x00000226740a85f0, 0x00000226740a78d0, 0x00000226776b2dc0,
0x0000022678caf220, 0x000002267752bbe0, 0x00000226794ef9c0
}

Java Threads: ( => current thread )
  0x000002263af56940 JavaThread "main"                              [_thread_blocked, id=15944, stack(0x000000f0f1100000,0x000000f0f1200000) (1024K)]
  0x0000022658bc8d80 JavaThread "Reference Handler"          daemon [_thread_blocked, id=13136, stack(0x000000f0f1900000,0x000000f0f1a00000) (1024K)]
  0x0000022658bc99d0 JavaThread "Finalizer"                  daemon [_thread_blocked, id=10832, stack(0x000000f0f1a00000,0x000000f0f1b00000) (1024K)]
  0x0000022658bce810 JavaThread "Signal Dispatcher"          daemon [_thread_blocked, id=16048, stack(0x000000f0f1b00000,0x000000f0f1c00000) (1024K)]
  0x0000022658bcfd30 JavaThread "Attach Listener"            daemon [_thread_blocked, id=13928, stack(0x000000f0f1c00000,0x000000f0f1d00000) (1024K)]
  0x0000022658bd4a30 JavaThread "Service Thread"             daemon [_thread_blocked, id=21756, stack(0x000000f0f1d00000,0x000000f0f1e00000) (1024K)]
  0x0000022658c01880 JavaThread "Monitor Deflation Thread"   daemon [_thread_blocked, id=20392, stack(0x000000f0f1e00000,0x000000f0f1f00000) (1024K)]
=>0x000002266e081f80 JavaThread "C2 CompilerThread0"         daemon [_thread_in_native, id=4644, stack(0x000000f0f1f00000,0x000000f0f2000000) (1024K)]
  0x000002266e085b20 JavaThread "C1 CompilerThread0"         daemon [_thread_blocked, id=18888, stack(0x000000f0f2000000,0x000000f0f2100000) (1024K)]
  0x0000022658c004d0 JavaThread "Common-Cleaner"             daemon [_thread_blocked, id=9344, stack(0x000000f0f2100000,0x000000f0f2200000) (1024K)]
  0x000002266e212a00 JavaThread "C1 CompilerThread1"         daemon [_thread_blocked, id=7988, stack(0x000000f0f2200000,0x000000f0f2300000) (1024K)]
  0x000002266e2523f0 JavaThread "C2 CompilerThread1"         daemon [_thread_in_native, id=14988, stack(0x000000f0f2300000,0x000000f0f2400000) (1024K)]
  0x0000022658bfea90 JavaThread "Notification Thread"        daemon [_thread_blocked, id=8700, stack(0x000000f0f2400000,0x000000f0f2500000) (1024K)]
  0x000002266e5764a0 JavaThread "C1 CompilerThread2"         daemon [_thread_in_native, id=13028, stack(0x000000f0f2c00000,0x000000f0f2d00000) (1024K)]
  0x00000226733b5d10 JavaThread "C1 CompilerThread3"         daemon [_thread_blocked, id=18952, stack(0x000000f0f2d00000,0x000000f0f2e00000) (1024K)]
  0x0000022658c00b60 JavaThread "Daemon health stats"               [_thread_blocked, id=11680, stack(0x000000f0f2b00000,0x000000f0f2c00000) (1024K)]
  0x0000022658bff7b0 JavaThread "Incoming local TCP Connector on port 63648"        [_thread_in_native, id=4880, stack(0x000000f0f2e00000,0x000000f0f2f00000) (1024K)]
  0x0000022658bffe40 JavaThread "Daemon periodic checks"            [_thread_blocked, id=22140, stack(0x000000f0f2f00000,0x000000f0f3000000) (1024K)]
  0x0000022658bff120 JavaThread "Daemon"                            [_thread_blocked, id=16328, stack(0x000000f0f3000000,0x000000f0f3100000) (1024K)]
  0x0000022658c011f0 JavaThread "Handler for socket connection from /127.0.0.1:63648 to /127.0.0.1:63649"        [_thread_in_native, id=17744, stack(0x000000f0f3100000,0x000000f0f3200000) (1024K)]
  0x00000226740a0fd0 JavaThread "Cancel handler"                    [_thread_blocked, id=8080, stack(0x000000f0f3200000,0x000000f0f3300000) (1024K)]
  0x00000226740a3730 JavaThread "Daemon worker"                     [_thread_in_vm, id=20152, stack(0x000000f0f3300000,0x000000f0f3400000) (1024K)]
  0x00000226740a2380 JavaThread "Asynchronous log dispatcher for DefaultDaemonConnection: socket connection from /127.0.0.1:63648 to /127.0.0.1:63649"        [_thread_blocked, id=4620, stack(0x000000f0f3400000,0x000000f0f3500000) (1024K)]
  0x00000226740a2a10 JavaThread "Stdin handler"                     [_thread_blocked, id=12672, stack(0x000000f0f3500000,0x000000f0f3600000) (1024K)]
  0x00000226740a1660 JavaThread "Daemon client event forwarder"        [_thread_blocked, id=23212, stack(0x000000f0f3600000,0x000000f0f3700000) (1024K)]
  0x00000226740a4450 JavaThread "Cache worker for journal cache (C:\Users\Admin\.gradle\caches\journal-1)"        [_thread_blocked, id=14608, stack(0x000000f0f2500000,0x000000f0f2600000) (1024K)]
  0x00000226740a5170 JavaThread "File lock request listener"        [_thread_in_native, id=22300, stack(0x000000f0f3700000,0x000000f0f3800000) (1024K)]
  0x00000226740a1cf0 JavaThread "Cache worker for file hash cache (C:\Users\Admin\.gradle\caches\9.3.1\fileHashes)"        [_thread_blocked, id=20200, stack(0x000000f0f3800000,0x000000f0f3900000) (1024K)]
  0x00000226755ffc70 JavaThread "C2 CompilerThread2"         daemon [_thread_in_native, id=5784, stack(0x000000f0f3900000,0x000000f0f3a00000) (1024K)]
  0x00000226740a5800 JavaThread "Cache worker for file hash cache (D:\Projetct_Training\Clothing_BE\.gradle\9.3.1\fileHashes)"        [_thread_blocked, id=15676, stack(0x000000f0f4300000,0x000000f0f4400000) (1024K)]
  0x00000226740a6520 JavaThread "Cache worker for Build Output Cleanup Cache (D:\Projetct_Training\Clothing_BE\.gradle\buildOutputCleanup)"        [_thread_blocked, id=13416, stack(0x000000f0f4400000,0x000000f0f4500000) (1024K)]
  0x00000226740a4ae0 JavaThread "File watcher server"        daemon [_thread_in_native, id=20024, stack(0x000000f0f4500000,0x000000f0f4600000) (1024K)]
  0x00000226740a30a0 JavaThread "File watcher consumer"      daemon [_thread_blocked, id=14076, stack(0x000000f0f4600000,0x000000f0f4700000) (1024K)]
  0x00000226740a3dc0 JavaThread "Cache worker for checksums cache (D:\Projetct_Training\Clothing_BE\.gradle\9.3.1\checksums)"        [_thread_blocked, id=10432, stack(0x000000f0f4700000,0x000000f0f4800000) (1024K)]
  0x00000226740a6bb0 JavaThread "Cache worker for file content cache (C:\Users\Admin\.gradle\caches\9.3.1\fileContent)"        [_thread_blocked, id=23108, stack(0x000000f0f4800000,0x000000f0f4900000) (1024K)]
  0x00000226740a5e90 JavaThread "Cache worker for cache directory md-supplier (C:\Users\Admin\.gradle\caches\9.3.1\md-supplier)"        [_thread_blocked, id=16456, stack(0x000000f0f4900000,0x000000f0f4a00000) (1024K)]
  0x00000226740a7240 JavaThread "Cache worker for cache directory md-rule (C:\Users\Admin\.gradle\caches\9.3.1\md-rule)"        [_thread_blocked, id=11084, stack(0x000000f0f4a00000,0x000000f0f4b00000) (1024K)]
  0x00000226740a85f0 JavaThread "jar transforms"                    [_thread_blocked, id=4200, stack(0x000000f0f4b00000,0x000000f0f4c00000) (1024K)]
  0x00000226740a78d0 JavaThread "jar transforms Thread 2"           [_thread_blocked, id=10316, stack(0x000000f0f4c00000,0x000000f0f4d00000) (1024K)]
  0x00000226776b2dc0 JavaThread "C2 CompilerThread3"         daemon [_thread_in_native, id=13748, stack(0x000000f0f4d00000,0x000000f0f4e00000) (1024K)]
  0x0000022678caf220 JavaThread "C2 CompilerThread4"         daemon [_thread_in_native, id=1280, stack(0x000000f0f4e00000,0x000000f0f4f00000) (1024K)]
  0x000002267752bbe0 JavaThread "C2 CompilerThread5"         daemon [_thread_in_native, id=22576, stack(0x000000f0f4f00000,0x000000f0f5000000) (1024K)]
  0x00000226794ef9c0 JavaThread "C2 CompilerThread6"         daemon [_thread_in_native, id=19912, stack(0x000000f0f5000000,0x000000f0f5100000) (1024K)]
Total: 43

Other Threads:
  0x0000022658bb0950 VMThread "VM Thread"                           [id=10884, stack(0x000000f0f1800000,0x000000f0f1900000) (1024K)]
  0x0000022658ba2ea0 WatcherThread "VM Periodic Task Thread"        [id=21512, stack(0x000000f0f1700000,0x000000f0f1800000) (1024K)]
  0x000002263d2a6f10 WorkerThread "GC Thread#0"                     [id=8788, stack(0x000000f0f1200000,0x000000f0f1300000) (1024K)]
  0x000002266e4ee910 WorkerThread "GC Thread#1"                     [id=12740, stack(0x000000f0f2600000,0x000000f0f2700000) (1024K)]
  0x000002266e4ef0c0 WorkerThread "GC Thread#2"                     [id=7176, stack(0x000000f0f2700000,0x000000f0f2800000) (1024K)]
  0x000002266e420970 WorkerThread "GC Thread#3"                     [id=12040, stack(0x000000f0f2800000,0x000000f0f2900000) (1024K)]
  0x000002266e421110 WorkerThread "GC Thread#4"                     [id=22500, stack(0x000000f0f2900000,0x000000f0f2a00000) (1024K)]
  0x000002266e3cbb60 WorkerThread "GC Thread#5"                     [id=5704, stack(0x000000f0f2a00000,0x000000f0f2b00000) (1024K)]
  0x000002266e3cb080 WorkerThread "GC Thread#6"                     [id=14232, stack(0x000000f0f3a00000,0x000000f0f3b00000) (1024K)]
  0x000002266e3cb7c0 WorkerThread "GC Thread#7"                     [id=568, stack(0x000000f0f3b00000,0x000000f0f3c00000) (1024K)]
  0x0000022674670330 WorkerThread "GC Thread#8"                     [id=9684, stack(0x000000f0f3c00000,0x000000f0f3d00000) (1024K)]
  0x0000022674671c90 WorkerThread "GC Thread#9"                     [id=3104, stack(0x000000f0f3d00000,0x000000f0f3e00000) (1024K)]
  0x000002267466f850 WorkerThread "GC Thread#10"                    [id=1888, stack(0x000000f0f3e00000,0x000000f0f3f00000) (1024K)]
  0x000002267466f4b0 WorkerThread "GC Thread#11"                    [id=15884, stack(0x000000f0f3f00000,0x000000f0f4000000) (1024K)]
  0x00000226746706d0 WorkerThread "GC Thread#12"                    [id=22928, stack(0x000000f0f4000000,0x000000f0f4100000) (1024K)]
  0x000002263d2abf70 ConcurrentGCThread "G1 Main Marker"            [id=13516, stack(0x000000f0f1300000,0x000000f0f1400000) (1024K)]
  0x000002263d2aca70 WorkerThread "G1 Conc#0"                       [id=20784, stack(0x000000f0f1400000,0x000000f0f1500000) (1024K)]
  0x00000226746718f0 WorkerThread "G1 Conc#1"                       [id=20516, stack(0x000000f0f4100000,0x000000f0f4200000) (1024K)]
  0x0000022674671550 WorkerThread "G1 Conc#2"                       [id=20160, stack(0x000000f0f4200000,0x000000f0f4300000) (1024K)]
  0x0000022658aeff30 ConcurrentGCThread "G1 Refine#0"               [id=7500, stack(0x000000f0f1500000,0x000000f0f1600000) (1024K)]
  0x0000022658af1760 ConcurrentGCThread "G1 Service"                [id=1688, stack(0x000000f0f1600000,0x000000f0f1700000) (1024K)]
Total: 21

Threads with active compile tasks:
C2 CompilerThread0  4354 4015       4       java.net.URLClassLoader$1::run (5 bytes)
C2 CompilerThread1  4354 4009   !   4       java.lang.ClassLoader::loadClass (121 bytes)
C2 CompilerThread2  4354 4033   !   4       java.net.URLClassLoader::findClass (47 bytes)
C2 CompilerThread3  4354 4016   !   4       java.net.URLClassLoader$1::run (81 bytes)
C2 CompilerThread4  4354 4062  s!   4       jdk.internal.loader.URLClassPath::getLoader (194 bytes)
C2 CompilerThread5  4354 4053       4       java.lang.String::concat (15 bytes)
C2 CompilerThread6  4354 4028  s    4       jdk.internal.loader.Resource::cachedInputStream (20 bytes)
Total: 7

VM state: not at safepoint (normal execution)

VM Mutex/Monitor currently owned by a thread: None

Heap address: 0x00000000e0000000, size: 512 MB, Compressed Oops mode: 32-bit

CDS archive(s) mapped at: [0x0000022659000000-0x0000022659c80000-0x0000022659c80000), size 13107200, SharedBaseAddress: 0x0000022659000000, ArchiveRelocationMode: 1.
Compressed class space mapped at: 0x000002265a000000-0x000002266e000000, reserved size: 335544320
Narrow klass base: 0x0000022659000000, Narrow klass shift: 0, Narrow klass range: 0x100000000

GC Precious Log:
 CardTable entry size: 512
 Card Set container configuration: InlinePtr #cards 5 size 8 Array Of Cards #cards 12 size 40 Howl #buckets 4 coarsen threshold 1843 Howl Bitmap #cards 512 size 80 coarsen threshold 460 Card regions per heap region 1 cards per card region 2048
 CPUs: 16 total, 16 available
 Memory: 16068M
 Large Page Support: Disabled
 NUMA Support: Disabled
 Compressed Oops: Enabled (32-bit)
 Heap Region Size: 1M
 Heap Min Capacity: 256M
 Heap Initial Capacity: 256M
 Heap Max Capacity: 512M
 Pre-touch: Disabled
 Parallel Workers: 13
 Concurrent Workers: 3
 Concurrent Refinement Workers: 13
 Periodic GC: Disabled

Heap:
 garbage-first heap   total 262144K, used 32377K [0x00000000e0000000, 0x0000000100000000)
  region size 1024K, 9 young (9216K), 7 survivors (7168K)
 Metaspace       used 35186K, committed 36544K, reserved 393216K
  class space    used 5106K, committed 5760K, reserved 327680K

Heap Regions: E=young(eden), S=young(survivor), O=old, HS=humongous(starts), HC=humongous(continues), CS=collection set, F=free, TAMS=top-at-mark-start, PB=parsable bottom
|   0|0x00000000e0000000, 0x00000000e0100000, 0x00000000e0100000|100%|HS|  |TAMS 0x00000000e0000000| PB 0x00000000e0000000| Complete 
|   1|0x00000000e0100000, 0x00000000e0200000, 0x00000000e0200000|100%|HC|  |TAMS 0x00000000e0100000| PB 0x00000000e0100000| Complete 
|   2|0x00000000e0200000, 0x00000000e0300000, 0x00000000e0300000|100%|HC|  |TAMS 0x00000000e0200000| PB 0x00000000e0200000| Complete 
|   3|0x00000000e0300000, 0x00000000e0400000, 0x00000000e0400000|100%|HC|  |TAMS 0x00000000e0300000| PB 0x00000000e0300000| Complete 
|   4|0x00000000e0400000, 0x00000000e0400000, 0x00000000e0500000|  0%| F|  |TAMS 0x00000000e0400000| PB 0x00000000e0400000| Untracked 
|   5|0x00000000e0500000, 0x00000000e0600000, 0x00000000e0600000|100%| O|  |TAMS 0x00000000e0500000| PB 0x00000000e0500000| Untracked 
|   6|0x00000000e0600000, 0x00000000e0700000, 0x00000000e0700000|100%| O|  |TAMS 0x00000000e0600000| PB 0x00000000e0600000| Untracked 
|   7|0x00000000e0700000, 0x00000000e0800000, 0x00000000e0800000|100%|HS|  |TAMS 0x00000000e0700000| PB 0x00000000e0700000| Complete 
|   8|0x00000000e0800000, 0x00000000e0900000, 0x00000000e0900000|100%| O|  |TAMS 0x00000000e0800000| PB 0x00000000e0800000| Untracked 
|   9|0x00000000e0900000, 0x00000000e0a00000, 0x00000000e0a00000|100%| O|  |TAMS 0x00000000e0900000| PB 0x00000000e0900000| Untracked 
|  10|0x00000000e0a00000, 0x00000000e0b00000, 0x00000000e0b00000|100%| O|  |TAMS 0x00000000e0a00000| PB 0x00000000e0a00000| Untracked 
|  11|0x00000000e0b00000, 0x00000000e0c00000, 0x00000000e0c00000|100%| O|  |TAMS 0x00000000e0b00000| PB 0x00000000e0b00000| Untracked 
|  12|0x00000000e0c00000, 0x00000000e0d00000, 0x00000000e0d00000|100%| O|  |TAMS 0x00000000e0c00000| PB 0x00000000e0c00000| Untracked 
|  13|0x00000000e0d00000, 0x00000000e0e00000, 0x00000000e0e00000|100%| O|  |TAMS 0x00000000e0d00000| PB 0x00000000e0d00000| Untracked 
|  14|0x00000000e0e00000, 0x00000000e0f00000, 0x00000000e0f00000|100%| O|  |TAMS 0x00000000e0e00000| PB 0x00000000e0e00000| Untracked 
|  15|0x00000000e0f00000, 0x00000000e1000000, 0x00000000e1000000|100%| O|  |TAMS 0x00000000e0f00000| PB 0x00000000e0f00000| Untracked 
|  16|0x00000000e1000000, 0x00000000e1100000, 0x00000000e1100000|100%| O|  |TAMS 0x00000000e1000000| PB 0x00000000e1000000| Untracked 
|  17|0x00000000e1100000, 0x00000000e1200000, 0x00000000e1200000|100%| O|  |TAMS 0x00000000e1100000| PB 0x00000000e1100000| Untracked 
|  18|0x00000000e1200000, 0x00000000e1300000, 0x00000000e1300000|100%| O|  |TAMS 0x00000000e1200000| PB 0x00000000e1200000| Untracked 
|  19|0x00000000e1300000, 0x00000000e1400000, 0x00000000e1400000|100%| O|  |TAMS 0x00000000e1300000| PB 0x00000000e1300000| Untracked 
|  20|0x00000000e1400000, 0x00000000e1500000, 0x00000000e1500000|100%| O|  |TAMS 0x00000000e1400000| PB 0x00000000e1400000| Untracked 
|  21|0x00000000e1500000, 0x00000000e1600000, 0x00000000e1600000|100%| O|  |TAMS 0x00000000e1500000| PB 0x00000000e1500000| Untracked 
|  22|0x00000000e1600000, 0x00000000e1700000, 0x00000000e1700000|100%| O|  |TAMS 0x00000000e1600000| PB 0x00000000e1600000| Untracked 
|  23|0x00000000e1700000, 0x00000000e1800000, 0x00000000e1800000|100%| O|  |TAMS 0x00000000e1700000| PB 0x00000000e1700000| Untracked 
|  24|0x00000000e1800000, 0x00000000e1900000, 0x00000000e1900000|100%| O|  |TAMS 0x00000000e1800000| PB 0x00000000e1800000| Untracked 
|  25|0x00000000e1900000, 0x00000000e191c4a0, 0x00000000e1a00000| 11%| O|  |TAMS 0x00000000e1900000| PB 0x00000000e1900000| Untracked 
|  26|0x00000000e1a00000, 0x00000000e1a00000, 0x00000000e1b00000|  0%| F|  |TAMS 0x00000000e1a00000| PB 0x00000000e1a00000| Untracked 
|  27|0x00000000e1b00000, 0x00000000e1b00000, 0x00000000e1c00000|  0%| F|  |TAMS 0x00000000e1b00000| PB 0x00000000e1b00000| Untracked 
|  28|0x00000000e1c00000, 0x00000000e1c00000, 0x00000000e1d00000|  0%| F|  |TAMS 0x00000000e1c00000| PB 0x00000000e1c00000| Untracked 
|  29|0x00000000e1d00000, 0x00000000e1d00000, 0x00000000e1e00000|  0%| F|  |TAMS 0x00000000e1d00000| PB 0x00000000e1d00000| Untracked 
|  30|0x00000000e1e00000, 0x00000000e1e00000, 0x00000000e1f00000|  0%| F|  |TAMS 0x00000000e1e00000| PB 0x00000000e1e00000| Untracked 
|  31|0x00000000e1f00000, 0x00000000e1f00000, 0x00000000e2000000|  0%| F|  |TAMS 0x00000000e1f00000| PB 0x00000000e1f00000| Untracked 
|  32|0x00000000e2000000, 0x00000000e2000000, 0x00000000e2100000|  0%| F|  |TAMS 0x00000000e2000000| PB 0x00000000e2000000| Untracked 
|  33|0x00000000e2100000, 0x00000000e2100000, 0x00000000e2200000|  0%| F|  |TAMS 0x00000000e2100000| PB 0x00000000e2100000| Untracked 
|  34|0x00000000e2200000, 0x00000000e2200000, 0x00000000e2300000|  0%| F|  |TAMS 0x00000000e2200000| PB 0x00000000e2200000| Untracked 
|  35|0x00000000e2300000, 0x00000000e2300000, 0x00000000e2400000|  0%| F|  |TAMS 0x00000000e2300000| PB 0x00000000e2300000| Untracked 
|  36|0x00000000e2400000, 0x00000000e2400000, 0x00000000e2500000|  0%| F|  |TAMS 0x00000000e2400000| PB 0x00000000e2400000| Untracked 
|  37|0x00000000e2500000, 0x00000000e2500000, 0x00000000e2600000|  0%| F|  |TAMS 0x00000000e2500000| PB 0x00000000e2500000| Untracked 
|  38|0x00000000e2600000, 0x00000000e2600000, 0x00000000e2700000|  0%| F|  |TAMS 0x00000000e2600000| PB 0x00000000e2600000| Untracked 
|  39|0x00000000e2700000, 0x00000000e2700000, 0x00000000e2800000|  0%| F|  |TAMS 0x00000000e2700000| PB 0x00000000e2700000| Untracked 
|  40|0x00000000e2800000, 0x00000000e2800000, 0x00000000e2900000|  0%| F|  |TAMS 0x00000000e2800000| PB 0x00000000e2800000| Untracked 
|  41|0x00000000e2900000, 0x00000000e2900000, 0x00000000e2a00000|  0%| F|  |TAMS 0x00000000e2900000| PB 0x00000000e2900000| Untracked 
|  42|0x00000000e2a00000, 0x00000000e2a00000, 0x00000000e2b00000|  0%| F|  |TAMS 0x00000000e2a00000| PB 0x00000000e2a00000| Untracked 
|  43|0x00000000e2b00000, 0x00000000e2b00000, 0x00000000e2c00000|  0%| F|  |TAMS 0x00000000e2b00000| PB 0x00000000e2b00000| Untracked 
|  44|0x00000000e2c00000, 0x00000000e2c00000, 0x00000000e2d00000|  0%| F|  |TAMS 0x00000000e2c00000| PB 0x00000000e2c00000| Untracked 
|  45|0x00000000e2d00000, 0x00000000e2d00000, 0x00000000e2e00000|  0%| F|  |TAMS 0x00000000e2d00000| PB 0x00000000e2d00000| Untracked 
|  46|0x00000000e2e00000, 0x00000000e2e00000, 0x00000000e2f00000|  0%| F|  |TAMS 0x00000000e2e00000| PB 0x00000000e2e00000| Untracked 
|  47|0x00000000e2f00000, 0x00000000e2f00000, 0x00000000e3000000|  0%| F|  |TAMS 0x00000000e2f00000| PB 0x00000000e2f00000| Untracked 
|  48|0x00000000e3000000, 0x00000000e3000000, 0x00000000e3100000|  0%| F|  |TAMS 0x00000000e3000000| PB 0x00000000e3000000| Untracked 
|  49|0x00000000e3100000, 0x00000000e3100000, 0x00000000e3200000|  0%| F|  |TAMS 0x00000000e3100000| PB 0x00000000e3100000| Untracked 
|  50|0x00000000e3200000, 0x00000000e3200000, 0x00000000e3300000|  0%| F|  |TAMS 0x00000000e3200000| PB 0x00000000e3200000| Untracked 
|  51|0x00000000e3300000, 0x00000000e3300000, 0x00000000e3400000|  0%| F|  |TAMS 0x00000000e3300000| PB 0x00000000e3300000| Untracked 
|  52|0x00000000e3400000, 0x00000000e3400000, 0x00000000e3500000|  0%| F|  |TAMS 0x00000000e3400000| PB 0x00000000e3400000| Untracked 
|  53|0x00000000e3500000, 0x00000000e3500000, 0x00000000e3600000|  0%| F|  |TAMS 0x00000000e3500000| PB 0x00000000e3500000| Untracked 
|  54|0x00000000e3600000, 0x00000000e3600000, 0x00000000e3700000|  0%| F|  |TAMS 0x00000000e3600000| PB 0x00000000e3600000| Untracked 
|  55|0x00000000e3700000, 0x00000000e3700000, 0x00000000e3800000|  0%| F|  |TAMS 0x00000000e3700000| PB 0x00000000e3700000| Untracked 
|  56|0x00000000e3800000, 0x00000000e3800000, 0x00000000e3900000|  0%| F|  |TAMS 0x00000000e3800000| PB 0x00000000e3800000| Untracked 
|  57|0x00000000e3900000, 0x00000000e3900000, 0x00000000e3a00000|  0%| F|  |TAMS 0x00000000e3900000| PB 0x00000000e3900000| Untracked 
|  58|0x00000000e3a00000, 0x00000000e3a00000, 0x00000000e3b00000|  0%| F|  |TAMS 0x00000000e3a00000| PB 0x00000000e3a00000| Untracked 
|  59|0x00000000e3b00000, 0x00000000e3b00000, 0x00000000e3c00000|  0%| F|  |TAMS 0x00000000e3b00000| PB 0x00000000e3b00000| Untracked 
|  60|0x00000000e3c00000, 0x00000000e3c00000, 0x00000000e3d00000|  0%| F|  |TAMS 0x00000000e3c00000| PB 0x00000000e3c00000| Untracked 
|  61|0x00000000e3d00000, 0x00000000e3d00000, 0x00000000e3e00000|  0%| F|  |TAMS 0x00000000e3d00000| PB 0x00000000e3d00000| Untracked 
|  62|0x00000000e3e00000, 0x00000000e3e00000, 0x00000000e3f00000|  0%| F|  |TAMS 0x00000000e3e00000| PB 0x00000000e3e00000| Untracked 
|  63|0x00000000e3f00000, 0x00000000e3f00000, 0x00000000e4000000|  0%| F|  |TAMS 0x00000000e3f00000| PB 0x00000000e3f00000| Untracked 
|  64|0x00000000e4000000, 0x00000000e4000000, 0x00000000e4100000|  0%| F|  |TAMS 0x00000000e4000000| PB 0x00000000e4000000| Untracked 
|  65|0x00000000e4100000, 0x00000000e4100000, 0x00000000e4200000|  0%| F|  |TAMS 0x00000000e4100000| PB 0x00000000e4100000| Untracked 
|  66|0x00000000e4200000, 0x00000000e4200000, 0x00000000e4300000|  0%| F|  |TAMS 0x00000000e4200000| PB 0x00000000e4200000| Untracked 
|  67|0x00000000e4300000, 0x00000000e4300000, 0x00000000e4400000|  0%| F|  |TAMS 0x00000000e4300000| PB 0x00000000e4300000| Untracked 
|  68|0x00000000e4400000, 0x00000000e4400000, 0x00000000e4500000|  0%| F|  |TAMS 0x00000000e4400000| PB 0x00000000e4400000| Untracked 
|  69|0x00000000e4500000, 0x00000000e4500000, 0x00000000e4600000|  0%| F|  |TAMS 0x00000000e4500000| PB 0x00000000e4500000| Untracked 
|  70|0x00000000e4600000, 0x00000000e4600000, 0x00000000e4700000|  0%| F|  |TAMS 0x00000000e4600000| PB 0x00000000e4600000| Untracked 
|  71|0x00000000e4700000, 0x00000000e4700000, 0x00000000e4800000|  0%| F|  |TAMS 0x00000000e4700000| PB 0x00000000e4700000| Untracked 
|  72|0x00000000e4800000, 0x00000000e4800000, 0x00000000e4900000|  0%| F|  |TAMS 0x00000000e4800000| PB 0x00000000e4800000| Untracked 
|  73|0x00000000e4900000, 0x00000000e4900000, 0x00000000e4a00000|  0%| F|  |TAMS 0x00000000e4900000| PB 0x00000000e4900000| Untracked 
|  74|0x00000000e4a00000, 0x00000000e4a00000, 0x00000000e4b00000|  0%| F|  |TAMS 0x00000000e4a00000| PB 0x00000000e4a00000| Untracked 
|  75|0x00000000e4b00000, 0x00000000e4b00000, 0x00000000e4c00000|  0%| F|  |TAMS 0x00000000e4b00000| PB 0x00000000e4b00000| Untracked 
|  76|0x00000000e4c00000, 0x00000000e4c00000, 0x00000000e4d00000|  0%| F|  |TAMS 0x00000000e4c00000| PB 0x00000000e4c00000| Untracked 
|  77|0x00000000e4d00000, 0x00000000e4d00000, 0x00000000e4e00000|  0%| F|  |TAMS 0x00000000e4d00000| PB 0x00000000e4d00000| Untracked 
|  78|0x00000000e4e00000, 0x00000000e4e00000, 0x00000000e4f00000|  0%| F|  |TAMS 0x00000000e4e00000| PB 0x00000000e4e00000| Untracked 
|  79|0x00000000e4f00000, 0x00000000e4f00000, 0x00000000e5000000|  0%| F|  |TAMS 0x00000000e4f00000| PB 0x00000000e4f00000| Untracked 
|  80|0x00000000e5000000, 0x00000000e5000000, 0x00000000e5100000|  0%| F|  |TAMS 0x00000000e5000000| PB 0x00000000e5000000| Untracked 
|  81|0x00000000e5100000, 0x00000000e5100000, 0x00000000e5200000|  0%| F|  |TAMS 0x00000000e5100000| PB 0x00000000e5100000| Untracked 
|  82|0x00000000e5200000, 0x00000000e5200000, 0x00000000e5300000|  0%| F|  |TAMS 0x00000000e5200000| PB 0x00000000e5200000| Untracked 
|  83|0x00000000e5300000, 0x00000000e5300000, 0x00000000e5400000|  0%| F|  |TAMS 0x00000000e5300000| PB 0x00000000e5300000| Untracked 
|  84|0x00000000e5400000, 0x00000000e5400000, 0x00000000e5500000|  0%| F|  |TAMS 0x00000000e5400000| PB 0x00000000e5400000| Untracked 
|  85|0x00000000e5500000, 0x00000000e5500000, 0x00000000e5600000|  0%| F|  |TAMS 0x00000000e5500000| PB 0x00000000e5500000| Untracked 
|  86|0x00000000e5600000, 0x00000000e5600000, 0x00000000e5700000|  0%| F|  |TAMS 0x00000000e5600000| PB 0x00000000e5600000| Untracked 
|  87|0x00000000e5700000, 0x00000000e5700000, 0x00000000e5800000|  0%| F|  |TAMS 0x00000000e5700000| PB 0x00000000e5700000| Untracked 
|  88|0x00000000e5800000, 0x00000000e5800000, 0x00000000e5900000|  0%| F|  |TAMS 0x00000000e5800000| PB 0x00000000e5800000| Untracked 
|  89|0x00000000e5900000, 0x00000000e5900000, 0x00000000e5a00000|  0%| F|  |TAMS 0x00000000e5900000| PB 0x00000000e5900000| Untracked 
|  90|0x00000000e5a00000, 0x00000000e5a00000, 0x00000000e5b00000|  0%| F|  |TAMS 0x00000000e5a00000| PB 0x00000000e5a00000| Untracked 
|  91|0x00000000e5b00000, 0x00000000e5b00000, 0x00000000e5c00000|  0%| F|  |TAMS 0x00000000e5b00000| PB 0x00000000e5b00000| Untracked 
|  92|0x00000000e5c00000, 0x00000000e5c00000, 0x00000000e5d00000|  0%| F|  |TAMS 0x00000000e5c00000| PB 0x00000000e5c00000| Untracked 
|  93|0x00000000e5d00000, 0x00000000e5d00000, 0x00000000e5e00000|  0%| F|  |TAMS 0x00000000e5d00000| PB 0x00000000e5d00000| Untracked 
|  94|0x00000000e5e00000, 0x00000000e5e00000, 0x00000000e5f00000|  0%| F|  |TAMS 0x00000000e5e00000| PB 0x00000000e5e00000| Untracked 
|  95|0x00000000e5f00000, 0x00000000e5f00000, 0x00000000e6000000|  0%| F|  |TAMS 0x00000000e5f00000| PB 0x00000000e5f00000| Untracked 
|  96|0x00000000e6000000, 0x00000000e6000000, 0x00000000e6100000|  0%| F|  |TAMS 0x00000000e6000000| PB 0x00000000e6000000| Untracked 
|  97|0x00000000e6100000, 0x00000000e6100000, 0x00000000e6200000|  0%| F|  |TAMS 0x00000000e6100000| PB 0x00000000e6100000| Untracked 
|  98|0x00000000e6200000, 0x00000000e6200000, 0x00000000e6300000|  0%| F|  |TAMS 0x00000000e6200000| PB 0x00000000e6200000| Untracked 
|  99|0x00000000e6300000, 0x00000000e6300000, 0x00000000e6400000|  0%| F|  |TAMS 0x00000000e6300000| PB 0x00000000e6300000| Untracked 
| 100|0x00000000e6400000, 0x00000000e6400000, 0x00000000e6500000|  0%| F|  |TAMS 0x00000000e6400000| PB 0x00000000e6400000| Untracked 
| 101|0x00000000e6500000, 0x00000000e6500000, 0x00000000e6600000|  0%| F|  |TAMS 0x00000000e6500000| PB 0x00000000e6500000| Untracked 
| 102|0x00000000e6600000, 0x00000000e6600000, 0x00000000e6700000|  0%| F|  |TAMS 0x00000000e6600000| PB 0x00000000e6600000| Untracked 
| 103|0x00000000e6700000, 0x00000000e6700000, 0x00000000e6800000|  0%| F|  |TAMS 0x00000000e6700000| PB 0x00000000e6700000| Untracked 
| 104|0x00000000e6800000, 0x00000000e6800000, 0x00000000e6900000|  0%| F|  |TAMS 0x00000000e6800000| PB 0x00000000e6800000| Untracked 
| 105|0x00000000e6900000, 0x00000000e6900000, 0x00000000e6a00000|  0%| F|  |TAMS 0x00000000e6900000| PB 0x00000000e6900000| Untracked 
| 106|0x00000000e6a00000, 0x00000000e6a00000, 0x00000000e6b00000|  0%| F|  |TAMS 0x00000000e6a00000| PB 0x00000000e6a00000| Untracked 
| 107|0x00000000e6b00000, 0x00000000e6b00000, 0x00000000e6c00000|  0%| F|  |TAMS 0x00000000e6b00000| PB 0x00000000e6b00000| Untracked 
| 108|0x00000000e6c00000, 0x00000000e6c00000, 0x00000000e6d00000|  0%| F|  |TAMS 0x00000000e6c00000| PB 0x00000000e6c00000| Untracked 
| 109|0x00000000e6d00000, 0x00000000e6d00000, 0x00000000e6e00000|  0%| F|  |TAMS 0x00000000e6d00000| PB 0x00000000e6d00000| Untracked 
| 110|0x00000000e6e00000, 0x00000000e6e00000, 0x00000000e6f00000|  0%| F|  |TAMS 0x00000000e6e00000| PB 0x00000000e6e00000| Untracked 
| 111|0x00000000e6f00000, 0x00000000e6f00000, 0x00000000e7000000|  0%| F|  |TAMS 0x00000000e6f00000| PB 0x00000000e6f00000| Untracked 
| 112|0x00000000e7000000, 0x00000000e7000000, 0x00000000e7100000|  0%| F|  |TAMS 0x00000000e7000000| PB 0x00000000e7000000| Untracked 
| 113|0x00000000e7100000, 0x00000000e7100000, 0x00000000e7200000|  0%| F|  |TAMS 0x00000000e7100000| PB 0x00000000e7100000| Untracked 
| 114|0x00000000e7200000, 0x00000000e7200000, 0x00000000e7300000|  0%| F|  |TAMS 0x00000000e7200000| PB 0x00000000e7200000| Untracked 
| 115|0x00000000e7300000, 0x00000000e7300000, 0x00000000e7400000|  0%| F|  |TAMS 0x00000000e7300000| PB 0x00000000e7300000| Untracked 
| 116|0x00000000e7400000, 0x00000000e7400000, 0x00000000e7500000|  0%| F|  |TAMS 0x00000000e7400000| PB 0x00000000e7400000| Untracked 
| 117|0x00000000e7500000, 0x00000000e7500000, 0x00000000e7600000|  0%| F|  |TAMS 0x00000000e7500000| PB 0x00000000e7500000| Untracked 
| 118|0x00000000e7600000, 0x00000000e7600000, 0x00000000e7700000|  0%| F|  |TAMS 0x00000000e7600000| PB 0x00000000e7600000| Untracked 
| 119|0x00000000e7700000, 0x00000000e7700000, 0x00000000e7800000|  0%| F|  |TAMS 0x00000000e7700000| PB 0x00000000e7700000| Untracked 
| 120|0x00000000e7800000, 0x00000000e7800000, 0x00000000e7900000|  0%| F|  |TAMS 0x00000000e7800000| PB 0x00000000e7800000| Untracked 
| 121|0x00000000e7900000, 0x00000000e7900000, 0x00000000e7a00000|  0%| F|  |TAMS 0x00000000e7900000| PB 0x00000000e7900000| Untracked 
| 122|0x00000000e7a00000, 0x00000000e7a00000, 0x00000000e7b00000|  0%| F|  |TAMS 0x00000000e7a00000| PB 0x00000000e7a00000| Untracked 
| 123|0x00000000e7b00000, 0x00000000e7b00000, 0x00000000e7c00000|  0%| F|  |TAMS 0x00000000e7b00000| PB 0x00000000e7b00000| Untracked 
| 124|0x00000000e7c00000, 0x00000000e7c00000, 0x00000000e7d00000|  0%| F|  |TAMS 0x00000000e7c00000| PB 0x00000000e7c00000| Untracked 
| 125|0x00000000e7d00000, 0x00000000e7d00000, 0x00000000e7e00000|  0%| F|  |TAMS 0x00000000e7d00000| PB 0x00000000e7d00000| Untracked 
| 126|0x00000000e7e00000, 0x00000000e7e00000, 0x00000000e7f00000|  0%| F|  |TAMS 0x00000000e7e00000| PB 0x00000000e7e00000| Untracked 
| 127|0x00000000e7f00000, 0x00000000e7f00000, 0x00000000e8000000|  0%| F|  |TAMS 0x00000000e7f00000| PB 0x00000000e7f00000| Untracked 
| 128|0x00000000e8000000, 0x00000000e8000000, 0x00000000e8100000|  0%| F|  |TAMS 0x00000000e8000000| PB 0x00000000e8000000| Untracked 
| 129|0x00000000e8100000, 0x00000000e8100000, 0x00000000e8200000|  0%| F|  |TAMS 0x00000000e8100000| PB 0x00000000e8100000| Untracked 
| 130|0x00000000e8200000, 0x00000000e8200000, 0x00000000e8300000|  0%| F|  |TAMS 0x00000000e8200000| PB 0x00000000e8200000| Untracked 
| 131|0x00000000e8300000, 0x00000000e8300000, 0x00000000e8400000|  0%| F|  |TAMS 0x00000000e8300000| PB 0x00000000e8300000| Untracked 
| 132|0x00000000e8400000, 0x00000000e8400000, 0x00000000e8500000|  0%| F|  |TAMS 0x00000000e8400000| PB 0x00000000e8400000| Untracked 
| 133|0x00000000e8500000, 0x00000000e8500000, 0x00000000e8600000|  0%| F|  |TAMS 0x00000000e8500000| PB 0x00000000e8500000| Untracked 
| 134|0x00000000e8600000, 0x00000000e8600000, 0x00000000e8700000|  0%| F|  |TAMS 0x00000000e8600000| PB 0x00000000e8600000| Untracked 
| 135|0x00000000e8700000, 0x00000000e8700000, 0x00000000e8800000|  0%| F|  |TAMS 0x00000000e8700000| PB 0x00000000e8700000| Untracked 
| 136|0x00000000e8800000, 0x00000000e8800000, 0x00000000e8900000|  0%| F|  |TAMS 0x00000000e8800000| PB 0x00000000e8800000| Untracked 
| 137|0x00000000e8900000, 0x00000000e8900000, 0x00000000e8a00000|  0%| F|  |TAMS 0x00000000e8900000| PB 0x00000000e8900000| Untracked 
| 138|0x00000000e8a00000, 0x00000000e8a00000, 0x00000000e8b00000|  0%| F|  |TAMS 0x00000000e8a00000| PB 0x00000000e8a00000| Untracked 
| 139|0x00000000e8b00000, 0x00000000e8b00000, 0x00000000e8c00000|  0%| F|  |TAMS 0x00000000e8b00000| PB 0x00000000e8b00000| Untracked 
| 140|0x00000000e8c00000, 0x00000000e8c00000, 0x00000000e8d00000|  0%| F|  |TAMS 0x00000000e8c00000| PB 0x00000000e8c00000| Untracked 
| 141|0x00000000e8d00000, 0x00000000e8d00000, 0x00000000e8e00000|  0%| F|  |TAMS 0x00000000e8d00000| PB 0x00000000e8d00000| Untracked 
| 142|0x00000000e8e00000, 0x00000000e8e00000, 0x00000000e8f00000|  0%| F|  |TAMS 0x00000000e8e00000| PB 0x00000000e8e00000| Untracked 
| 143|0x00000000e8f00000, 0x00000000e8f00000, 0x00000000e9000000|  0%| F|  |TAMS 0x00000000e8f00000| PB 0x00000000e8f00000| Untracked 
| 144|0x00000000e9000000, 0x00000000e9000000, 0x00000000e9100000|  0%| F|  |TAMS 0x00000000e9000000| PB 0x00000000e9000000| Untracked 
| 145|0x00000000e9100000, 0x00000000e9100000, 0x00000000e9200000|  0%| F|  |TAMS 0x00000000e9100000| PB 0x00000000e9100000| Untracked 
| 146|0x00000000e9200000, 0x00000000e9200000, 0x00000000e9300000|  0%| F|  |TAMS 0x00000000e9200000| PB 0x00000000e9200000| Untracked 
| 147|0x00000000e9300000, 0x00000000e9300000, 0x00000000e9400000|  0%| F|  |TAMS 0x00000000e9300000| PB 0x00000000e9300000| Untracked 
| 148|0x00000000e9400000, 0x00000000e9400000, 0x00000000e9500000|  0%| F|  |TAMS 0x00000000e9400000| PB 0x00000000e9400000| Untracked 
| 149|0x00000000e9500000, 0x00000000e9500000, 0x00000000e9600000|  0%| F|  |TAMS 0x00000000e9500000| PB 0x00000000e9500000| Untracked 
| 150|0x00000000e9600000, 0x00000000e9600000, 0x00000000e9700000|  0%| F|  |TAMS 0x00000000e9600000| PB 0x00000000e9600000| Untracked 
| 151|0x00000000e9700000, 0x00000000e9700000, 0x00000000e9800000|  0%| F|  |TAMS 0x00000000e9700000| PB 0x00000000e9700000| Untracked 
| 152|0x00000000e9800000, 0x00000000e9800000, 0x00000000e9900000|  0%| F|  |TAMS 0x00000000e9800000| PB 0x00000000e9800000| Untracked 
| 153|0x00000000e9900000, 0x00000000e9900000, 0x00000000e9a00000|  0%| F|  |TAMS 0x00000000e9900000| PB 0x00000000e9900000| Untracked 
| 154|0x00000000e9a00000, 0x00000000e9a00000, 0x00000000e9b00000|  0%| F|  |TAMS 0x00000000e9a00000| PB 0x00000000e9a00000| Untracked 
| 155|0x00000000e9b00000, 0x00000000e9b00000, 0x00000000e9c00000|  0%| F|  |TAMS 0x00000000e9b00000| PB 0x00000000e9b00000| Untracked 
| 156|0x00000000e9c00000, 0x00000000e9c00000, 0x00000000e9d00000|  0%| F|  |TAMS 0x00000000e9c00000| PB 0x00000000e9c00000| Untracked 
| 157|0x00000000e9d00000, 0x00000000e9d00000, 0x00000000e9e00000|  0%| F|  |TAMS 0x00000000e9d00000| PB 0x00000000e9d00000| Untracked 
| 158|0x00000000e9e00000, 0x00000000e9e00000, 0x00000000e9f00000|  0%| F|  |TAMS 0x00000000e9e00000| PB 0x00000000e9e00000| Untracked 
| 159|0x00000000e9f00000, 0x00000000e9f00000, 0x00000000ea000000|  0%| F|  |TAMS 0x00000000e9f00000| PB 0x00000000e9f00000| Untracked 
| 160|0x00000000ea000000, 0x00000000ea000000, 0x00000000ea100000|  0%| F|  |TAMS 0x00000000ea000000| PB 0x00000000ea000000| Untracked 
| 161|0x00000000ea100000, 0x00000000ea100000, 0x00000000ea200000|  0%| F|  |TAMS 0x00000000ea100000| PB 0x00000000ea100000| Untracked 
| 162|0x00000000ea200000, 0x00000000ea200000, 0x00000000ea300000|  0%| F|  |TAMS 0x00000000ea200000| PB 0x00000000ea200000| Untracked 
| 163|0x00000000ea300000, 0x00000000ea300000, 0x00000000ea400000|  0%| F|  |TAMS 0x00000000ea300000| PB 0x00000000ea300000| Untracked 
| 164|0x00000000ea400000, 0x00000000ea400000, 0x00000000ea500000|  0%| F|  |TAMS 0x00000000ea400000| PB 0x00000000ea400000| Untracked 
| 165|0x00000000ea500000, 0x00000000ea500000, 0x00000000ea600000|  0%| F|  |TAMS 0x00000000ea500000| PB 0x00000000ea500000| Untracked 
| 166|0x00000000ea600000, 0x00000000ea600000, 0x00000000ea700000|  0%| F|  |TAMS 0x00000000ea600000| PB 0x00000000ea600000| Untracked 
| 167|0x00000000ea700000, 0x00000000ea700000, 0x00000000ea800000|  0%| F|  |TAMS 0x00000000ea700000| PB 0x00000000ea700000| Untracked 
| 168|0x00000000ea800000, 0x00000000ea800000, 0x00000000ea900000|  0%| F|  |TAMS 0x00000000ea800000| PB 0x00000000ea800000| Untracked 
| 169|0x00000000ea900000, 0x00000000ea900000, 0x00000000eaa00000|  0%| F|  |TAMS 0x00000000ea900000| PB 0x00000000ea900000| Untracked 
| 170|0x00000000eaa00000, 0x00000000eaa00000, 0x00000000eab00000|  0%| F|  |TAMS 0x00000000eaa00000| PB 0x00000000eaa00000| Untracked 
| 171|0x00000000eab00000, 0x00000000eab00000, 0x00000000eac00000|  0%| F|  |TAMS 0x00000000eab00000| PB 0x00000000eab00000| Untracked 
| 172|0x00000000eac00000, 0x00000000eac00000, 0x00000000ead00000|  0%| F|  |TAMS 0x00000000eac00000| PB 0x00000000eac00000| Untracked 
| 173|0x00000000ead00000, 0x00000000ead00000, 0x00000000eae00000|  0%| F|  |TAMS 0x00000000ead00000| PB 0x00000000ead00000| Untracked 
| 174|0x00000000eae00000, 0x00000000eae00000, 0x00000000eaf00000|  0%| F|  |TAMS 0x00000000eae00000| PB 0x00000000eae00000| Untracked 
| 175|0x00000000eaf00000, 0x00000000eaf00000, 0x00000000eb000000|  0%| F|  |TAMS 0x00000000eaf00000| PB 0x00000000eaf00000| Untracked 
| 176|0x00000000eb000000, 0x00000000eb000000, 0x00000000eb100000|  0%| F|  |TAMS 0x00000000eb000000| PB 0x00000000eb000000| Untracked 
| 177|0x00000000eb100000, 0x00000000eb100000, 0x00000000eb200000|  0%| F|  |TAMS 0x00000000eb100000| PB 0x00000000eb100000| Untracked 
| 178|0x00000000eb200000, 0x00000000eb200000, 0x00000000eb300000|  0%| F|  |TAMS 0x00000000eb200000| PB 0x00000000eb200000| Untracked 
| 179|0x00000000eb300000, 0x00000000eb300000, 0x00000000eb400000|  0%| F|  |TAMS 0x00000000eb300000| PB 0x00000000eb300000| Untracked 
| 180|0x00000000eb400000, 0x00000000eb400000, 0x00000000eb500000|  0%| F|  |TAMS 0x00000000eb400000| PB 0x00000000eb400000| Untracked 
| 181|0x00000000eb500000, 0x00000000eb500000, 0x00000000eb600000|  0%| F|  |TAMS 0x00000000eb500000| PB 0x00000000eb500000| Untracked 
| 182|0x00000000eb600000, 0x00000000eb600000, 0x00000000eb700000|  0%| F|  |TAMS 0x00000000eb600000| PB 0x00000000eb600000| Untracked 
| 183|0x00000000eb700000, 0x00000000eb700000, 0x00000000eb800000|  0%| F|  |TAMS 0x00000000eb700000| PB 0x00000000eb700000| Untracked 
| 184|0x00000000eb800000, 0x00000000eb800000, 0x00000000eb900000|  0%| F|  |TAMS 0x00000000eb800000| PB 0x00000000eb800000| Untracked 
| 185|0x00000000eb900000, 0x00000000eb900000, 0x00000000eba00000|  0%| F|  |TAMS 0x00000000eb900000| PB 0x00000000eb900000| Untracked 
| 186|0x00000000eba00000, 0x00000000eba00000, 0x00000000ebb00000|  0%| F|  |TAMS 0x00000000eba00000| PB 0x00000000eba00000| Untracked 
| 187|0x00000000ebb00000, 0x00000000ebb00000, 0x00000000ebc00000|  0%| F|  |TAMS 0x00000000ebb00000| PB 0x00000000ebb00000| Untracked 
| 188|0x00000000ebc00000, 0x00000000ebc00000, 0x00000000ebd00000|  0%| F|  |TAMS 0x00000000ebc00000| PB 0x00000000ebc00000| Untracked 
| 189|0x00000000ebd00000, 0x00000000ebd00000, 0x00000000ebe00000|  0%| F|  |TAMS 0x00000000ebd00000| PB 0x00000000ebd00000| Untracked 
| 190|0x00000000ebe00000, 0x00000000ebe00000, 0x00000000ebf00000|  0%| F|  |TAMS 0x00000000ebe00000| PB 0x00000000ebe00000| Untracked 
| 191|0x00000000ebf00000, 0x00000000ebf00000, 0x00000000ec000000|  0%| F|  |TAMS 0x00000000ebf00000| PB 0x00000000ebf00000| Untracked 
| 192|0x00000000ec000000, 0x00000000ec000000, 0x00000000ec100000|  0%| F|  |TAMS 0x00000000ec000000| PB 0x00000000ec000000| Untracked 
| 193|0x00000000ec100000, 0x00000000ec100000, 0x00000000ec200000|  0%| F|  |TAMS 0x00000000ec100000| PB 0x00000000ec100000| Untracked 
| 194|0x00000000ec200000, 0x00000000ec200000, 0x00000000ec300000|  0%| F|  |TAMS 0x00000000ec200000| PB 0x00000000ec200000| Untracked 
| 195|0x00000000ec300000, 0x00000000ec300000, 0x00000000ec400000|  0%| F|  |TAMS 0x00000000ec300000| PB 0x00000000ec300000| Untracked 
| 196|0x00000000ec400000, 0x00000000ec400000, 0x00000000ec500000|  0%| F|  |TAMS 0x00000000ec400000| PB 0x00000000ec400000| Untracked 
| 197|0x00000000ec500000, 0x00000000ec500000, 0x00000000ec600000|  0%| F|  |TAMS 0x00000000ec500000| PB 0x00000000ec500000| Untracked 
| 198|0x00000000ec600000, 0x00000000ec600000, 0x00000000ec700000|  0%| F|  |TAMS 0x00000000ec600000| PB 0x00000000ec600000| Untracked 
| 199|0x00000000ec700000, 0x00000000ec700000, 0x00000000ec800000|  0%| F|  |TAMS 0x00000000ec700000| PB 0x00000000ec700000| Untracked 
| 200|0x00000000ec800000, 0x00000000ec800000, 0x00000000ec900000|  0%| F|  |TAMS 0x00000000ec800000| PB 0x00000000ec800000| Untracked 
| 201|0x00000000ec900000, 0x00000000ec900000, 0x00000000eca00000|  0%| F|  |TAMS 0x00000000ec900000| PB 0x00000000ec900000| Untracked 
| 202|0x00000000eca00000, 0x00000000eca00000, 0x00000000ecb00000|  0%| F|  |TAMS 0x00000000eca00000| PB 0x00000000eca00000| Untracked 
| 203|0x00000000ecb00000, 0x00000000ecb00000, 0x00000000ecc00000|  0%| F|  |TAMS 0x00000000ecb00000| PB 0x00000000ecb00000| Untracked 
| 204|0x00000000ecc00000, 0x00000000ecc00000, 0x00000000ecd00000|  0%| F|  |TAMS 0x00000000ecc00000| PB 0x00000000ecc00000| Untracked 
| 205|0x00000000ecd00000, 0x00000000ecd00000, 0x00000000ece00000|  0%| F|  |TAMS 0x00000000ecd00000| PB 0x00000000ecd00000| Untracked 
| 206|0x00000000ece00000, 0x00000000ece00000, 0x00000000ecf00000|  0%| F|  |TAMS 0x00000000ece00000| PB 0x00000000ece00000| Untracked 
| 207|0x00000000ecf00000, 0x00000000ecf00000, 0x00000000ed000000|  0%| F|  |TAMS 0x00000000ecf00000| PB 0x00000000ecf00000| Untracked 
| 208|0x00000000ed000000, 0x00000000ed000000, 0x00000000ed100000|  0%| F|  |TAMS 0x00000000ed000000| PB 0x00000000ed000000| Untracked 
| 209|0x00000000ed100000, 0x00000000ed100000, 0x00000000ed200000|  0%| F|  |TAMS 0x00000000ed100000| PB 0x00000000ed100000| Untracked 
| 210|0x00000000ed200000, 0x00000000ed200000, 0x00000000ed300000|  0%| F|  |TAMS 0x00000000ed200000| PB 0x00000000ed200000| Untracked 
| 211|0x00000000ed300000, 0x00000000ed300000, 0x00000000ed400000|  0%| F|  |TAMS 0x00000000ed300000| PB 0x00000000ed300000| Untracked 
| 212|0x00000000ed400000, 0x00000000ed400000, 0x00000000ed500000|  0%| F|  |TAMS 0x00000000ed400000| PB 0x00000000ed400000| Untracked 
| 213|0x00000000ed500000, 0x00000000ed500000, 0x00000000ed600000|  0%| F|  |TAMS 0x00000000ed500000| PB 0x00000000ed500000| Untracked 
| 214|0x00000000ed600000, 0x00000000ed600000, 0x00000000ed700000|  0%| F|  |TAMS 0x00000000ed600000| PB 0x00000000ed600000| Untracked 
| 215|0x00000000ed700000, 0x00000000ed700000, 0x00000000ed800000|  0%| F|  |TAMS 0x00000000ed700000| PB 0x00000000ed700000| Untracked 
| 216|0x00000000ed800000, 0x00000000ed800000, 0x00000000ed900000|  0%| F|  |TAMS 0x00000000ed800000| PB 0x00000000ed800000| Untracked 
| 217|0x00000000ed900000, 0x00000000ed900000, 0x00000000eda00000|  0%| F|  |TAMS 0x00000000ed900000| PB 0x00000000ed900000| Untracked 
| 218|0x00000000eda00000, 0x00000000eda00000, 0x00000000edb00000|  0%| F|  |TAMS 0x00000000eda00000| PB 0x00000000eda00000| Untracked 
| 219|0x00000000edb00000, 0x00000000edb00000, 0x00000000edc00000|  0%| F|  |TAMS 0x00000000edb00000| PB 0x00000000edb00000| Untracked 
| 220|0x00000000edc00000, 0x00000000edc00000, 0x00000000edd00000|  0%| F|  |TAMS 0x00000000edc00000| PB 0x00000000edc00000| Untracked 
| 221|0x00000000edd00000, 0x00000000edd00000, 0x00000000ede00000|  0%| F|  |TAMS 0x00000000edd00000| PB 0x00000000edd00000| Untracked 
| 222|0x00000000ede00000, 0x00000000ede00000, 0x00000000edf00000|  0%| F|  |TAMS 0x00000000ede00000| PB 0x00000000ede00000| Untracked 
| 223|0x00000000edf00000, 0x00000000edf00000, 0x00000000ee000000|  0%| F|  |TAMS 0x00000000edf00000| PB 0x00000000edf00000| Untracked 
| 224|0x00000000ee000000, 0x00000000ee000000, 0x00000000ee100000|  0%| F|  |TAMS 0x00000000ee000000| PB 0x00000000ee000000| Untracked 
| 225|0x00000000ee100000, 0x00000000ee100000, 0x00000000ee200000|  0%| F|  |TAMS 0x00000000ee100000| PB 0x00000000ee100000| Untracked 
| 226|0x00000000ee200000, 0x00000000ee200000, 0x00000000ee300000|  0%| F|  |TAMS 0x00000000ee200000| PB 0x00000000ee200000| Untracked 
| 227|0x00000000ee300000, 0x00000000ee300000, 0x00000000ee400000|  0%| F|  |TAMS 0x00000000ee300000| PB 0x00000000ee300000| Untracked 
| 228|0x00000000ee400000, 0x00000000ee400000, 0x00000000ee500000|  0%| F|  |TAMS 0x00000000ee400000| PB 0x00000000ee400000| Untracked 
| 229|0x00000000ee500000, 0x00000000ee500000, 0x00000000ee600000|  0%| F|  |TAMS 0x00000000ee500000| PB 0x00000000ee500000| Untracked 
| 230|0x00000000ee600000, 0x00000000ee600000, 0x00000000ee700000|  0%| F|  |TAMS 0x00000000ee600000| PB 0x00000000ee600000| Untracked 
| 231|0x00000000ee700000, 0x00000000ee700000, 0x00000000ee800000|  0%| F|  |TAMS 0x00000000ee700000| PB 0x00000000ee700000| Untracked 
| 232|0x00000000ee800000, 0x00000000ee800000, 0x00000000ee900000|  0%| F|  |TAMS 0x00000000ee800000| PB 0x00000000ee800000| Untracked 
| 233|0x00000000ee900000, 0x00000000ee900000, 0x00000000eea00000|  0%| F|  |TAMS 0x00000000ee900000| PB 0x00000000ee900000| Untracked 
| 234|0x00000000eea00000, 0x00000000eea00000, 0x00000000eeb00000|  0%| F|  |TAMS 0x00000000eea00000| PB 0x00000000eea00000| Untracked 
| 235|0x00000000eeb00000, 0x00000000eeb00000, 0x00000000eec00000|  0%| F|  |TAMS 0x00000000eeb00000| PB 0x00000000eeb00000| Untracked 
| 236|0x00000000eec00000, 0x00000000eec00000, 0x00000000eed00000|  0%| F|  |TAMS 0x00000000eec00000| PB 0x00000000eec00000| Untracked 
| 237|0x00000000eed00000, 0x00000000eed00000, 0x00000000eee00000|  0%| F|  |TAMS 0x00000000eed00000| PB 0x00000000eed00000| Untracked 
| 238|0x00000000eee00000, 0x00000000eee00000, 0x00000000eef00000|  0%| F|  |TAMS 0x00000000eee00000| PB 0x00000000eee00000| Untracked 
| 239|0x00000000eef00000, 0x00000000eef00000, 0x00000000ef000000|  0%| F|  |TAMS 0x00000000eef00000| PB 0x00000000eef00000| Untracked 
| 240|0x00000000ef000000, 0x00000000ef000000, 0x00000000ef100000|  0%| F|  |TAMS 0x00000000ef000000| PB 0x00000000ef000000| Untracked 
| 241|0x00000000ef100000, 0x00000000ef100000, 0x00000000ef200000|  0%| F|  |TAMS 0x00000000ef100000| PB 0x00000000ef100000| Untracked 
| 242|0x00000000ef200000, 0x00000000ef200000, 0x00000000ef300000|  0%| F|  |TAMS 0x00000000ef200000| PB 0x00000000ef200000| Untracked 
| 243|0x00000000ef300000, 0x00000000ef300000, 0x00000000ef400000|  0%| F|  |TAMS 0x00000000ef300000| PB 0x00000000ef300000| Untracked 
| 244|0x00000000ef400000, 0x00000000ef400000, 0x00000000ef500000|  0%| F|  |TAMS 0x00000000ef400000| PB 0x00000000ef400000| Untracked 
| 245|0x00000000ef500000, 0x00000000ef500000, 0x00000000ef600000|  0%| F|  |TAMS 0x00000000ef500000| PB 0x00000000ef500000| Untracked 
| 246|0x00000000ef600000, 0x00000000ef681f88, 0x00000000ef700000| 50%| S|CS|TAMS 0x00000000ef600000| PB 0x00000000ef600000| Complete 
| 247|0x00000000ef700000, 0x00000000ef800000, 0x00000000ef800000|100%| S|CS|TAMS 0x00000000ef700000| PB 0x00000000ef700000| Complete 
| 248|0x00000000ef800000, 0x00000000ef900000, 0x00000000ef900000|100%| S|CS|TAMS 0x00000000ef800000| PB 0x00000000ef800000| Complete 
| 249|0x00000000ef900000, 0x00000000efa00000, 0x00000000efa00000|100%| S|CS|TAMS 0x00000000ef900000| PB 0x00000000ef900000| Complete 
| 250|0x00000000efa00000, 0x00000000efb00000, 0x00000000efb00000|100%| S|CS|TAMS 0x00000000efa00000| PB 0x00000000efa00000| Complete 
| 251|0x00000000efb00000, 0x00000000efc00000, 0x00000000efc00000|100%| S|CS|TAMS 0x00000000efb00000| PB 0x00000000efb00000| Complete 
| 252|0x00000000efc00000, 0x00000000efd00000, 0x00000000efd00000|100%| S|CS|TAMS 0x00000000efc00000| PB 0x00000000efc00000| Complete 
| 253|0x00000000efd00000, 0x00000000efd00000, 0x00000000efe00000|  0%| F|  |TAMS 0x00000000efd00000| PB 0x00000000efd00000| Untracked 
| 254|0x00000000efe00000, 0x00000000efec3f70, 0x00000000eff00000| 76%| E|  |TAMS 0x00000000efe00000| PB 0x00000000efe00000| Complete 
| 255|0x00000000eff00000, 0x00000000f0000000, 0x00000000f0000000|100%| E|CS|TAMS 0x00000000eff00000| PB 0x00000000eff00000| Complete 

Card table byte_map: [0x0000022655320000,0x0000022655420000] _byte_map_base: 0x0000022654c20000

Marking Bits: (CMBitMap*) 0x000002263d2a7610
 Bits: [0x0000022655420000, 0x0000022655c20000)

Polling page: 0x000002263af10000

Metaspace:

Usage:
  Non-class:     29.39 MB used.
      Class:      4.99 MB used.
       Both:     34.37 MB used.

Virtual space:
  Non-class space:       64.00 MB reserved,      30.06 MB ( 47%) committed,  1 nodes.
      Class space:      320.00 MB reserved,       5.62 MB (  2%) committed,  1 nodes.
             Both:      384.00 MB reserved,      35.69 MB (  9%) committed. 

Chunk freelists:
   Non-Class:  1.10 MB
       Class:  10.35 MB
        Both:  11.45 MB

MaxMetaspaceSize: 384.00 MB
CompressedClassSpaceSize: 320.00 MB
Initial GC threshold: 21.00 MB
Current GC threshold: 35.75 MB
CDS: on
 - commit_granule_bytes: 65536.
 - commit_granule_words: 8192.
 - virtual_space_node_default_size: 8388608.
 - enlarge_chunks_in_place: 1.
 - use_allocation_guard: 0.


Internal statistics:

num_allocs_failed_limit: 9.
num_arena_births: 2366.
num_arena_deaths: 0.
num_vsnodes_births: 2.
num_vsnodes_deaths: 0.
num_space_committed: 571.
num_space_uncommitted: 0.
num_chunks_returned_to_freelist: 9.
num_chunks_taken_from_freelist: 4005.
num_chunk_merges: 9.
num_chunk_splits: 2628.
num_chunks_enlarged: 1623.
num_inconsistent_stats: 0.

CodeHeap 'non-profiled nmethods': size=119168Kb used=2426Kb max_used=2426Kb free=116741Kb
 bounds [0x000002264d520000, 0x000002264d790000, 0x0000022654980000]
CodeHeap 'profiled nmethods': size=119104Kb used=8350Kb max_used=8350Kb free=110753Kb
 bounds [0x0000022645980000, 0x00000226461b0000, 0x000002264cdd0000]
CodeHeap 'non-nmethods': size=7488Kb used=3606Kb max_used=3634Kb free=3881Kb
 bounds [0x000002264cdd0000, 0x000002264d160000, 0x000002264d520000]
CodeCache: size=245760Kb, used=14382Kb, max_used=14410Kb, free=231375Kb
 total_blobs=4824, nmethods=4137, adapters=588, full_count=0
Compilation: enabled, stopped_count=0, restarted_count=0

Compilation events (20 events):
Event: 4.321 Thread 0x000002266e5764a0 4119       3       java.util.HashMap::remove (26 bytes)
Event: 4.321 Thread 0x000002266e085b20 4120       3       java.util.stream.ForEachOps$ForEachOp$OfRef::accept (11 bytes)
Event: 4.321 Thread 0x000002266e212a00 4121       3       java.util.HashMap::afterNodeRemoval (1 bytes)
Event: 4.321 Thread 0x000002266e212a00 nmethod 4121 0x000002264619d110 code [0x000002264619d2a0, 0x000002264619d3a8]
Event: 4.321 Thread 0x000002266e5764a0 nmethod 4119 0x000002264619d410 code [0x000002264619d5e0, 0x000002264619d948]
Event: 4.321 Thread 0x00000226733b5d10 4122       3       java.util.stream.ReferencePipeline::<init> (7 bytes)
Event: 4.321 Thread 0x000002266e085b20 nmethod 4120 0x000002264619da90 code [0x000002264619dc40, 0x000002264619de18]
Event: 4.322 Thread 0x000002266e212a00 4123       3       java.util.stream.AbstractPipeline::<init> (91 bytes)
Event: 4.322 Thread 0x000002266e085b20 4124       3       java.util.stream.ReferencePipeline$StatelessOp::<init> (29 bytes)
Event: 4.322 Thread 0x000002266e5764a0 4127       3       java.lang.SecurityManager$$Lambda/0x000002265a36c7e8::accept (8 bytes)
Event: 4.322 Thread 0x00000226733b5d10 nmethod 4122 0x000002264619df10 code [0x000002264619e0c0, 0x000002264619e1f8]
Event: 4.322 Thread 0x00000226733b5d10 4128       3       java.lang.SecurityManager::lambda$addNonExportedPackages$1 (14 bytes)
Event: 4.322 Thread 0x000002266e085b20 nmethod 4124 0x000002264619e290 code [0x000002264619e440, 0x000002264619e5f8]
Event: 4.322 Thread 0x000002266e5764a0 nmethod 4127 0x000002264619e710 code [0x000002264619e8e0, 0x000002264619ebf0]
Event: 4.323 Thread 0x000002266e212a00 nmethod 4123 0x000002264619ed10 code [0x000002264619ef20, 0x000002264619f588]
Event: 4.323 Thread 0x00000226733b5d10 nmethod 4128 0x000002264619f790 code [0x000002264619f940, 0x000002264619faf0]
Event: 4.323 Thread 0x000002266e085b20 4125       3       java.util.stream.Sink$ChainedReference::<init> (16 bytes)
Event: 4.323 Thread 0x000002266e5764a0 4126       3       java.util.stream.Sink$ChainedReference::end (10 bytes)
Event: 4.323 Thread 0x00000226733b5d10 4129       3       java.lang.SecurityManager$$Lambda/0x000002265a36ca18::test (8 bytes)
Event: 4.323 Thread 0x000002266e212a00 4130       3       java.lang.SecurityManager::lambda$nonExportedPkgs$2 (13 bytes)

GC Heap History (10 events):
Event: 0.289 GC heap before
{Heap before GC invocations=0 (full 0):
 garbage-first heap   total 262144K, used 22528K [0x00000000e0000000, 0x0000000100000000)
  region size 1024K, 23 young (23552K), 0 survivors (0K)
 Metaspace       used 883K, committed 1024K, reserved 393216K
  class space    used 69K, committed 128K, reserved 327680K
}
Event: 0.292 GC heap after
{Heap after GC invocations=1 (full 0):
 garbage-first heap   total 262144K, used 1578K [0x00000000e0000000, 0x0000000100000000)
  region size 1024K, 2 young (2048K), 2 survivors (2048K)
 Metaspace       used 883K, committed 1024K, reserved 393216K
  class space    used 69K, committed 128K, reserved 327680K
}
Event: 0.839 GC heap before
{Heap before GC invocations=1 (full 0):
 garbage-first heap   total 262144K, used 42538K [0x00000000e0000000, 0x0000000100000000)
  region size 1024K, 39 young (39936K), 2 survivors (2048K)
 Metaspace       used 4676K, committed 4928K, reserved 393216K
  class space    used 580K, committed 704K, reserved 327680K
}
Event: 0.842 GC heap after
{Heap after GC invocations=2 (full 0):
 garbage-first heap   total 262144K, used 11653K [0x00000000e0000000, 0x0000000100000000)
  region size 1024K, 5 young (5120K), 5 survivors (5120K)
 Metaspace       used 4676K, committed 4928K, reserved 393216K
  class space    used 580K, committed 704K, reserved 327680K
}
Event: 2.669 GC heap before
{Heap before GC invocations=2 (full 0):
 garbage-first heap   total 262144K, used 151941K [0x00000000e0000000, 0x0000000100000000)
  region size 1024K, 140 young (143360K), 5 survivors (5120K)
 Metaspace       used 20910K, committed 21504K, reserved 393216K
  class space    used 2850K, committed 3136K, reserved 327680K
}
Event: 2.677 GC heap after
{Heap after GC invocations=3 (full 0):
 garbage-first heap   total 262144K, used 23932K [0x00000000e0000000, 0x0000000100000000)
  region size 1024K, 16 young (16384K), 16 survivors (16384K)
 Metaspace       used 20910K, committed 21504K, reserved 393216K
  class space    used 2850K, committed 3136K, reserved 327680K
}
Event: 4.225 GC heap before
{Heap before GC invocations=4 (full 0):
 garbage-first heap   total 262144K, used 129404K [0x00000000e0000000, 0x0000000100000000)
  region size 1024K, 121 young (123904K), 16 survivors (16384K)
 Metaspace       used 34622K, committed 35968K, reserved 393216K
  class space    used 5055K, committed 5696K, reserved 327680K
}
Event: 4.234 GC heap after
{Heap after GC invocations=5 (full 0):
 garbage-first heap   total 262144K, used 30679K [0x00000000e0000000, 0x0000000100000000)
  region size 1024K, 7 young (7168K), 7 survivors (7168K)
 Metaspace       used 34622K, committed 35968K, reserved 393216K
  class space    used 5055K, committed 5696K, reserved 327680K
}
Event: 4.292 GC heap before
{Heap before GC invocations=5 (full 0):
 garbage-first heap   total 262144K, used 31703K [0x00000000e0000000, 0x0000000100000000)
  region size 1024K, 10 young (10240K), 7 survivors (7168K)
 Metaspace       used 34975K, committed 36288K, reserved 393216K
  class space    used 5081K, committed 5696K, reserved 327680K
}
Event: 4.296 GC heap after
{Heap after GC invocations=6 (full 0):
 garbage-first heap   total 262144K, used 31353K [0x00000000e0000000, 0x0000000100000000)
  region size 1024K, 7 young (7168K), 7 survivors (7168K)
 Metaspace       used 34975K, committed 36288K, reserved 393216K
  class space    used 5081K, committed 5696K, reserved 327680K
}

Dll operation events (15 events):
Event: 0.007 Loaded shared library C:\Program Files\Eclipse Adoptium\jdk-21.0.8.9-hotspot\bin\java.dll
Event: 0.028 Loaded shared library C:\Program Files\Eclipse Adoptium\jdk-21.0.8.9-hotspot\bin\jsvml.dll
Event: 0.055 Loaded shared library C:\Program Files\Eclipse Adoptium\jdk-21.0.8.9-hotspot\bin\zip.dll
Event: 0.058 Loaded shared library C:\Program Files\Eclipse Adoptium\jdk-21.0.8.9-hotspot\bin\instrument.dll
Event: 0.061 Loaded shared library C:\Program Files\Eclipse Adoptium\jdk-21.0.8.9-hotspot\bin\net.dll
Event: 0.062 Loaded shared library C:\Program Files\Eclipse Adoptium\jdk-21.0.8.9-hotspot\bin\nio.dll
Event: 0.064 Loaded shared library C:\Program Files\Eclipse Adoptium\jdk-21.0.8.9-hotspot\bin\zip.dll
Event: 0.296 Loaded shared library C:\Program Files\Eclipse Adoptium\jdk-21.0.8.9-hotspot\bin\jimage.dll
Event: 0.519 Loaded shared library C:\Program Files\Eclipse Adoptium\jdk-21.0.8.9-hotspot\bin\verify.dll
Event: 0.542 Loaded shared library C:\Users\Admin\.gradle\native\660c5614fbf4a5f2a75b1949f50a0caf5cd603558e7d8a26e50b933a0cfb79d1\windows-amd64\native-platform.dll
Event: 0.550 Loaded shared library C:\Users\Admin\.gradle\native\0.2.8\x86_64-windows-gnu\gradle-fileevents.dll
Event: 1.443 Loaded shared library C:\Program Files\Eclipse Adoptium\jdk-21.0.8.9-hotspot\bin\management.dll
Event: 1.445 Loaded shared library C:\Program Files\Eclipse Adoptium\jdk-21.0.8.9-hotspot\bin\management_ext.dll
Event: 1.539 Loaded shared library C:\Program Files\Eclipse Adoptium\jdk-21.0.8.9-hotspot\bin\extnet.dll
Event: 1.719 Loaded shared library C:\Program Files\Eclipse Adoptium\jdk-21.0.8.9-hotspot\bin\sunmscapi.dll

Deoptimization events (20 events):
Event: 4.105 Thread 0x00000226740a3730 Uncommon trap: trap_request=0xffffffc6 fr.pc=0x000002264d771cc4 relative=0x00000000000004e4
Event: 4.105 Thread 0x00000226740a3730 Uncommon trap: reason=bimorphic_or_optimized_type_check action=maybe_recompile pc=0x000002264d771cc4 method=java.io.BufferedInputStream.implRead([BII)I @ 100 c2
Event: 4.105 Thread 0x00000226740a3730 DEOPT PACKING pc=0x000002264d771cc4 sp=0x000000f0f33f80e0
Event: 4.105 Thread 0x00000226740a3730 DEOPT UNPACKING pc=0x000002264ce246a2 sp=0x000000f0f33f80a8 mode 2
Event: 4.105 Thread 0x00000226740a3730 Uncommon trap: trap_request=0xffffffc6 fr.pc=0x000002264d771cc4 relative=0x00000000000004e4
Event: 4.105 Thread 0x00000226740a3730 Uncommon trap: reason=bimorphic_or_optimized_type_check action=maybe_recompile pc=0x000002264d771cc4 method=java.io.BufferedInputStream.implRead([BII)I @ 100 c2
Event: 4.105 Thread 0x00000226740a3730 DEOPT PACKING pc=0x000002264d771cc4 sp=0x000000f0f33f7ff0
Event: 4.105 Thread 0x00000226740a3730 DEOPT UNPACKING pc=0x000002264ce246a2 sp=0x000000f0f33f7fb8 mode 2
Event: 4.323 Thread 0x00000226740a3730 Uncommon trap: trap_request=0xffffff45 fr.pc=0x000002264d65a6dc relative=0x000000000000063c
Event: 4.323 Thread 0x00000226740a3730 Uncommon trap: reason=unstable_if action=reinterpret pc=0x000002264d65a6dc method=jdk.internal.org.objectweb.asm.MethodWriter.visitVarInsn(II)V @ 108 c2
Event: 4.323 Thread 0x00000226740a3730 DEOPT PACKING pc=0x000002264d65a6dc sp=0x000000f0f33f05c0
Event: 4.323 Thread 0x00000226740a3730 DEOPT UNPACKING pc=0x000002264ce246a2 sp=0x000000f0f33f0588 mode 2
Event: 4.324 Thread 0x00000226740a3730 Uncommon trap: trap_request=0xffffff45 fr.pc=0x000002264d700998 relative=0x0000000000000478
Event: 4.324 Thread 0x00000226740a3730 Uncommon trap: reason=unstable_if action=reinterpret pc=0x000002264d700998 method=jdk.internal.org.objectweb.asm.MethodWriter.visitMethodInsn(ILjava/lang/String;Ljava/lang/String;Ljava/lang/String;Z)V @ 81 c2
Event: 4.324 Thread 0x00000226740a3730 DEOPT PACKING pc=0x000002264d700998 sp=0x000000f0f33f05b0
Event: 4.324 Thread 0x00000226740a3730 DEOPT UNPACKING pc=0x000002264ce246a2 sp=0x000000f0f33f0550 mode 2
Event: 4.324 Thread 0x00000226740a3730 Uncommon trap: trap_request=0xffffff45 fr.pc=0x000002264d706904 relative=0x0000000000000964
Event: 4.324 Thread 0x00000226740a3730 Uncommon trap: reason=unstable_if action=reinterpret pc=0x000002264d706904 method=jdk.internal.org.objectweb.asm.MethodWriter.visitInsn(I)V @ 24 c2
Event: 4.324 Thread 0x00000226740a3730 DEOPT PACKING pc=0x000002264d706904 sp=0x000000f0f33f05a0
Event: 4.324 Thread 0x00000226740a3730 DEOPT UNPACKING pc=0x000002264ce246a2 sp=0x000000f0f33f0588 mode 2

Classes loaded (20 events):
Event: 4.102 Loading class java/util/stream/LongStream
Event: 4.102 Loading class java/util/stream/LongStream done
Event: 4.102 Loading class java/util/OptionalDouble
Event: 4.102 Loading class java/util/OptionalDouble done
Event: 4.103 Loading class java/util/OptionalInt
Event: 4.103 Loading class java/util/OptionalInt done
Event: 4.103 Loading class java/util/OptionalLong
Event: 4.103 Loading class java/util/OptionalLong done
Event: 4.130 Loading class java/security/AccessControlException
Event: 4.130 Loading class java/security/AccessControlException done
Event: 4.200 Loading class java/lang/ArrayIndexOutOfBoundsException
Event: 4.200 Loading class java/lang/ArrayIndexOutOfBoundsException done
Event: 4.288 Loading class java/lang/reflect/GenericSignatureFormatError
Event: 4.288 Loading class java/lang/ClassFormatError
Event: 4.288 Loading class java/lang/ClassFormatError done
Event: 4.288 Loading class java/lang/reflect/GenericSignatureFormatError done
Event: 4.288 Loading class java/lang/reflect/MalformedParameterizedTypeException
Event: 4.288 Loading class java/lang/reflect/MalformedParameterizedTypeException done
Event: 4.301 Loading class java/lang/IllegalCallerException
Event: 4.301 Loading class java/lang/IllegalCallerException done

Classes unloaded (0 events):
No events

Classes redefined (0 events):
No events

Internal exceptions (20 events):
Event: 3.912 Thread 0x00000226740a3730 Exception <a 'java/lang/NoSuchMethodError'{0x00000000eaa8cb20}: 'java.lang.Object java.lang.invoke.DirectMethodHandle$Holder.invokeStatic(java.lang.Object, java.lang.Object, java.lang.Object, java.lang.Object, java.lang.Object, java.lang.Object, java.lang.Object, java.lang.Object, java.lang.Object, java.lang.Object, java.lang.Object, java.lang.Object, java.lang.Object, java.lang.Object, java.lang.Object, java.lang.Object, java.lang.Object, java.lang.Object, java.lang.Object, java.lang.Object, java.lang.Obj
Event: 3.913 Thread 0x00000226740a3730 Exception <a 'java/lang/NoSuchMethodError'{0x00000000eaac83c8}: 'java.lang.Object java.lang.invoke.DirectMethodHandle$Holder.invokeStatic(java.lang.Object, java.lang.Object, java.lang.Object, java.lang.Object, java.lang.Object, java.lang.Object, java.lang.Object, java.lang.Object, java.lang.Object, java.lang.Object, java.lang.Object, java.lang.Object, java.lang.Object, java.lang.Object, java.lang.Object, java.lang.Object, java.lang.Object, java.lang.Object, java.lang.Object, java.lang.Object, java.lang.Obj
Event: 3.914 Thread 0x00000226740a3730 Exception <a 'java/lang/NoSuchMethodError'{0x00000000ea905d28}: 'java.lang.Object java.lang.invoke.DirectMethodHandle$Holder.invokeStatic(java.lang.Object, java.lang.Object, java.lang.Object, java.lang.Object, java.lang.Object, java.lang.Object, java.lang.Object, java.lang.Object, java.lang.Object, java.lang.Object, java.lang.Object, java.lang.Object, java.lang.Object, java.lang.Object, java.lang.Object, java.lang.Object, java.lang.Object, java.lang.Object, java.lang.Object, java.lang.Object, java.lang.Obj
Event: 3.936 Thread 0x00000226740a3730 Exception <a 'java/lang/NoSuchMethodError'{0x00000000ea7a4568}: 'java.lang.Object java.lang.invoke.DirectMethodHandle$Holder.newInvokeSpecial(java.lang.Object, java.lang.Object, java.lang.Object, java.lang.Object, java.lang.Object, java.lang.Object, java.lang.Object, java.lang.Object, java.lang.Object)'> (0x00000000ea7a4568) 
thrown [s\src\hotspot\share\interpreter\linkResolver.cpp, line 773]
Event: 3.968 Thread 0x00000226740a3730 Exception <a 'java/lang/IncompatibleClassChangeError'{0x00000000ea445798}: Found class java.lang.Object, but interface was expected> (0x00000000ea445798) 
thrown [s\src\hotspot\share\interpreter\linkResolver.cpp, line 840]
Event: 3.980 Thread 0x00000226740a3730 Exception <a 'java/lang/NoSuchMethodError'{0x00000000ea3c0218}: 'java.lang.Object java.lang.invoke.DirectMethodHandle$Holder.newInvokeSpecial(java.lang.Object, java.lang.Object, long)'> (0x00000000ea3c0218) 
thrown [s\src\hotspot\share\interpreter\linkResolver.cpp, line 773]
Event: 3.981 Thread 0x00000226740a3730 Exception <a 'java/lang/NoSuchMethodError'{0x00000000ea3c4840}: 'java.lang.Object java.lang.invoke.Invokers$Holder.linkToTargetMethod(java.lang.Object, long, java.lang.Object)'> (0x00000000ea3c4840) 
thrown [s\src\hotspot\share\interpreter\linkResolver.cpp, line 773]
Event: 4.004 Thread 0x00000226740a3730 Exception <a 'java/lang/NoSuchMethodError'{0x00000000ea17c300}: 'int java.lang.invoke.DirectMethodHandle$Holder.invokeInterface(java.lang.Object, java.lang.Object)'> (0x00000000ea17c300) 
thrown [s\src\hotspot\share\interpreter\linkResolver.cpp, line 773]
Event: 4.011 Thread 0x00000226740a3730 Exception <a 'java/lang/NoSuchMethodError'{0x00000000ea1fe190}: 'java.lang.Object java.lang.invoke.DirectMethodHandle$Holder.invokeVirtual(java.lang.Object, java.lang.Object, int)'> (0x00000000ea1fe190) 
thrown [s\src\hotspot\share\interpreter\linkResolver.cpp, line 773]
Event: 4.022 Thread 0x00000226740a3730 Exception <a 'java/lang/NoSuchMethodError'{0x00000000ea0acc20}: 'java.lang.Object java.lang.invoke.DirectMethodHandle$Holder.invokeStatic(java.lang.Object, java.lang.Object, int, java.lang.Object)'> (0x00000000ea0acc20) 
thrown [s\src\hotspot\share\interpreter\linkResolver.cpp, line 773]
Event: 4.022 Thread 0x00000226740a3730 Exception <a 'java/lang/NoSuchMethodError'{0x00000000ea0b4008}: 'java.lang.Object java.lang.invoke.DirectMethodHandle$Holder.newInvokeSpecial(java.lang.Object, java.lang.Object, int, java.lang.Object)'> (0x00000000ea0b4008) 
thrown [s\src\hotspot\share\interpreter\linkResolver.cpp, line 773]
Event: 4.023 Thread 0x00000226740a3730 Exception <a 'java/lang/NoSuchMethodError'{0x00000000ea0b8770}: 'java.lang.Object java.lang.invoke.DirectMethodHandle$Holder.invokeSpecial(java.lang.Object, java.lang.Object, java.lang.Object, int, java.lang.Object)'> (0x00000000ea0b8770) 
thrown [s\src\hotspot\share\interpreter\linkResolver.cpp, line 773]
Event: 4.063 Thread 0x00000226740a3730 Exception <a 'java/lang/NoSuchMethodError'{0x00000000e9d3b188}: 'void java.lang.invoke.DirectMethodHandle$Holder.invokeInterface(java.lang.Object, java.lang.Object, java.lang.Object, java.lang.Object, java.lang.Object, java.lang.Object, java.lang.Object)'> (0x00000000e9d3b188) 
thrown [s\src\hotspot\share\interpreter\linkResolver.cpp, line 773]
Event: 4.063 Thread 0x00000226740a3730 Exception <a 'java/lang/NoSuchMethodError'{0x00000000e9d3faa0}: 'void java.lang.invoke.DelegatingMethodHandle$Holder.reinvoke_L(java.lang.Object, java.lang.Object, java.lang.Object, java.lang.Object, java.lang.Object, java.lang.Object, java.lang.Object)'> (0x00000000e9d3faa0) 
thrown [s\src\hotspot\share\interpreter\linkResolver.cpp, line 773]
Event: 4.307 Thread 0x00000226740a3730 Exception <a 'java/lang/NoSuchMethodError'{0x00000000eff2ea00}: 'void java.lang.invoke.DirectMethodHandle$Holder.invokeStaticInit(java.lang.Object, java.lang.Object, java.lang.Object)'> (0x00000000eff2ea00) 
thrown [s\src\hotspot\share\interpreter\linkResolver.cpp, line 773]
Event: 4.317 Thread 0x00000226740a3730 Exception <a 'java/lang/NoSuchMethodError'{0x00000000effd18d0}: 'int java.lang.invoke.DirectMethodHandle$Holder.invokeStaticInit(java.lang.Object, java.lang.Object, java.lang.Object, java.lang.Object)'> (0x00000000effd18d0) 
thrown [s\src\hotspot\share\interpreter\linkResolver.cpp, line 773]
Event: 4.323 Thread 0x00000226740a3730 Implicit null exception at 0x000002264d65a1b4 to 0x000002264d65a6d0
Event: 4.324 Thread 0x00000226740a3730 Implicit null exception at 0x000002264d700618 to 0x000002264d70098c
Event: 4.324 Thread 0x00000226740a3730 Implicit null exception at 0x000002264d706030 to 0x000002264d7068f4
Event: 4.324 Thread 0x00000226740a3730 Exception <a 'java/lang/NoSuchMethodError'{0x00000000efe4b120}: 'java.lang.Class[] java.lang.Class.getPermittedSubclasses(java.lang.Class)'> (0x00000000efe4b120) 
thrown [s\src\hotspot\share\interpreter\linkResolver.cpp, line 773]

ZGC Phase Switch (0 events):
No events

VM Operations (20 events):
Event: 3.571 Executing VM operation: HandshakeAllThreads (Deoptimize)
Event: 3.571 Executing VM operation: HandshakeAllThreads (Deoptimize) done
Event: 3.698 Executing VM operation: ICBufferFull
Event: 3.699 Executing VM operation: ICBufferFull done
Event: 3.705 Executing VM operation: HandshakeAllThreads (Deoptimize)
Event: 3.705 Executing VM operation: HandshakeAllThreads (Deoptimize) done
Event: 3.970 Executing VM operation: HandshakeAllThreads (Deoptimize)
Event: 3.970 Executing VM operation: HandshakeAllThreads (Deoptimize) done
Event: 3.978 Executing VM operation: HandshakeAllThreads (Deoptimize)
Event: 3.978 Executing VM operation: HandshakeAllThreads (Deoptimize) done
Event: 4.065 Executing VM operation: HandshakeAllThreads (Deoptimize)
Event: 4.065 Executing VM operation: HandshakeAllThreads (Deoptimize) done
Event: 4.066 Executing VM operation: HandshakeAllThreads (Deoptimize)
Event: 4.066 Executing VM operation: HandshakeAllThreads (Deoptimize) done
Event: 4.131 Executing VM operation: HandshakeAllThreads (Deoptimize)
Event: 4.131 Executing VM operation: HandshakeAllThreads (Deoptimize) done
Event: 4.225 Executing VM operation: CollectForMetadataAllocation (Metadata GC Threshold)
Event: 4.234 Executing VM operation: CollectForMetadataAllocation (Metadata GC Threshold) done
Event: 4.292 Executing VM operation: CollectForMetadataAllocation (Metadata GC Threshold)
Event: 4.296 Executing VM operation: CollectForMetadataAllocation (Metadata GC Threshold) done

Memory protections (0 events):
No events

Nmethod flushes (0 events):
No events

Events (20 events):
Event: 1.789 Thread 0x00000226740a3730 Thread added: 0x00000226740a1660
Event: 1.834 Thread 0x000002266e4802e0 Thread exited: 0x000002266e4802e0
Event: 2.167 Thread 0x00000226740a3730 Thread added: 0x00000226740a4450
Event: 2.172 Thread 0x00000226740a3730 Thread added: 0x00000226740a5170
Event: 2.225 Thread 0x00000226740a3730 Thread added: 0x00000226740a1cf0
Event: 2.353 Thread 0x000002266e085b20 Thread added: 0x00000226755ffc70
Event: 3.221 Thread 0x00000226740a3730 Thread added: 0x00000226740a5800
Event: 3.256 Thread 0x00000226740a3730 Thread added: 0x00000226740a6520
Event: 3.448 Thread 0x00000226740a3730 Thread added: 0x00000226740a4ae0
Event: 3.452 Thread 0x00000226740a3730 Thread added: 0x00000226740a30a0
Event: 3.598 Thread 0x00000226740a3730 Thread added: 0x00000226740a3dc0
Event: 3.661 Thread 0x00000226740a3730 Thread added: 0x00000226740a6bb0
Event: 3.839 Thread 0x00000226740a3730 Thread added: 0x00000226740a5e90
Event: 3.887 Thread 0x00000226740a3730 Thread added: 0x00000226740a7240
Event: 4.023 Thread 0x00000226740a3730 Thread added: 0x00000226740a85f0
Event: 4.055 Thread 0x00000226740a3730 Thread added: 0x00000226740a78d0
Event: 4.109 Thread 0x00000226733b5d10 Thread added: 0x00000226776b2dc0
Event: 4.313 Thread 0x000002266e085b20 Thread added: 0x0000022678caf220
Event: 4.314 Thread 0x000002266e5764a0 Thread added: 0x000002267752bbe0
Event: 4.314 Thread 0x000002266e5764a0 Thread added: 0x00000226794ef9c0


Dynamic libraries:
0x00007ff7d6120000 - 0x00007ff7d612e000 	C:\Program Files\Eclipse Adoptium\jdk-21.0.8.9-hotspot\bin\java.exe
0x00007ffe53d00000 - 0x00007ffe53f67000 	C:\WINDOWS\SYSTEM32\ntdll.dll
0x00007ffe52400000 - 0x00007ffe524c9000 	C:\WINDOWS\System32\KERNEL32.DLL
0x00007ffe50700000 - 0x00007ffe50af4000 	C:\WINDOWS\System32\KERNELBASE.dll
0x00007ffe50dd0000 - 0x00007ffe50f1b000 	C:\WINDOWS\System32\ucrtbase.dll
0x00007ffe4bc00000 - 0x00007ffe4bc1e000 	C:\Program Files\Eclipse Adoptium\jdk-21.0.8.9-hotspot\bin\VCRUNTIME140.dll
0x00007ffe4afb0000 - 0x00007ffe4afc8000 	C:\Program Files\Eclipse Adoptium\jdk-21.0.8.9-hotspot\bin\jli.dll
0x00007ffe53af0000 - 0x00007ffe53cb5000 	C:\WINDOWS\System32\USER32.dll
0x00007ffe51790000 - 0x00007ffe517b7000 	C:\WINDOWS\System32\win32u.dll
0x00007ffe30310000 - 0x00007ffe305a3000 	C:\WINDOWS\WinSxS\amd64_microsoft.windows.common-controls_6595b64144ccf1df_6.0.26100.8115_none_3e075c82e3354f9c\COMCTL32.dll
0x00007ffe525a0000 - 0x00007ffe525cb000 	C:\WINDOWS\System32\GDI32.dll
0x00007ffe52830000 - 0x00007ffe528d9000 	C:\WINDOWS\System32\msvcrt.dll
0x00007ffe505d0000 - 0x00007ffe506fa000 	C:\WINDOWS\System32\gdi32full.dll
0x00007ffe50d20000 - 0x00007ffe50dc3000 	C:\WINDOWS\System32\msvcp_win.dll
0x00007ffe53660000 - 0x00007ffe53692000 	C:\WINDOWS\System32\IMM32.DLL
0x00007ffe4afa0000 - 0x00007ffe4afac000 	C:\Program Files\Eclipse Adoptium\jdk-21.0.8.9-hotspot\bin\vcruntime140_1.dll
0x00007ffe176d0000 - 0x00007ffe1775d000 	C:\Program Files\Eclipse Adoptium\jdk-21.0.8.9-hotspot\bin\msvcp140.dll
0x00007ffda2530000 - 0x00007ffda32c7000 	C:\Program Files\Eclipse Adoptium\jdk-21.0.8.9-hotspot\bin\server\jvm.dll
0x00007ffe53370000 - 0x00007ffe53426000 	C:\WINDOWS\System32\ADVAPI32.dll
0x00007ffe532c0000 - 0x00007ffe53367000 	C:\WINDOWS\System32\sechost.dll
0x00007ffe53480000 - 0x00007ffe53598000 	C:\WINDOWS\System32\RPCRT4.dll
0x00007ffe521c0000 - 0x00007ffe52240000 	C:\WINDOWS\System32\WS2_32.dll
0x00007ffe4e670000 - 0x00007ffe4e6a6000 	C:\WINDOWS\SYSTEM32\WINMM.dll
0x00007ffe50430000 - 0x00007ffe5048e000 	C:\WINDOWS\SYSTEM32\POWRPROF.dll
0x00007ffe44320000 - 0x00007ffe4432b000 	C:\WINDOWS\SYSTEM32\VERSION.dll
0x00007ffe50410000 - 0x00007ffe50424000 	C:\WINDOWS\SYSTEM32\UMPDC.dll
0x00007ffe4f360000 - 0x00007ffe4f37b000 	C:\WINDOWS\SYSTEM32\kernel.appcore.dll
0x00007ffe46730000 - 0x00007ffe4673a000 	C:\Program Files\Eclipse Adoptium\jdk-21.0.8.9-hotspot\bin\jimage.dll
0x00007ffe4e380000 - 0x00007ffe4e5c2000 	C:\WINDOWS\SYSTEM32\DBGHELP.DLL
0x00007ffe536a0000 - 0x00007ffe53a22000 	C:\WINDOWS\System32\combase.dll
0x00007ffe52250000 - 0x00007ffe52327000 	C:\WINDOWS\System32\OLEAUT32.dll
0x00007ffe4e630000 - 0x00007ffe4e66b000 	C:\WINDOWS\SYSTEM32\dbgcore.DLL
0x00007ffe50b00000 - 0x00007ffe50ba5000 	C:\WINDOWS\System32\bcryptPrimitives.dll
0x00007ffe46670000 - 0x00007ffe4667f000 	C:\Program Files\Eclipse Adoptium\jdk-21.0.8.9-hotspot\bin\instrument.dll
0x00007ffe465e0000 - 0x00007ffe465ff000 	C:\Program Files\Eclipse Adoptium\jdk-21.0.8.9-hotspot\bin\java.dll
0x00007ffe52a40000 - 0x00007ffe531a6000 	C:\WINDOWS\System32\SHELL32.dll
0x00007ffe50bb0000 - 0x00007ffe50d1a000 	C:\WINDOWS\System32\wintypes.dll
0x00007ffe50f20000 - 0x00007ffe51785000 	C:\WINDOWS\System32\windows.storage.dll
0x00007ffe51a90000 - 0x00007ffe51b87000 	C:\WINDOWS\System32\SHCORE.dll
0x00007ffe524d0000 - 0x00007ffe52536000 	C:\WINDOWS\System32\shlwapi.dll
0x00007ffe504f0000 - 0x00007ffe50519000 	C:\WINDOWS\SYSTEM32\profapi.dll
0x00007ffde8f30000 - 0x00007ffde9007000 	C:\Program Files\Eclipse Adoptium\jdk-21.0.8.9-hotspot\bin\jsvml.dll
0x00007ffe38620000 - 0x00007ffe38638000 	C:\Program Files\Eclipse Adoptium\jdk-21.0.8.9-hotspot\bin\zip.dll
0x00007ffe46660000 - 0x00007ffe46670000 	C:\Program Files\Eclipse Adoptium\jdk-21.0.8.9-hotspot\bin\net.dll
0x00007ffe4ae00000 - 0x00007ffe4af2d000 	C:\WINDOWS\SYSTEM32\WINHTTP.dll
0x00007ffe4f8d0000 - 0x00007ffe4f93c000 	C:\WINDOWS\system32\mswsock.dll
0x00007ffe1b340000 - 0x00007ffe1b356000 	C:\Program Files\Eclipse Adoptium\jdk-21.0.8.9-hotspot\bin\nio.dll
0x00007ffe46560000 - 0x00007ffe46570000 	C:\Program Files\Eclipse Adoptium\jdk-21.0.8.9-hotspot\bin\verify.dll
0x00007ffe17760000 - 0x00007ffe17787000 	C:\Users\Admin\.gradle\native\660c5614fbf4a5f2a75b1949f50a0caf5cd603558e7d8a26e50b933a0cfb79d1\windows-amd64\native-platform.dll
0x00007ffdf95a0000 - 0x00007ffdf9617000 	C:\Users\Admin\.gradle\native\0.2.8\x86_64-windows-gnu\gradle-fileevents.dll
0x00007ffe46320000 - 0x00007ffe4632a000 	C:\Program Files\Eclipse Adoptium\jdk-21.0.8.9-hotspot\bin\management.dll
0x00007ffe328c0000 - 0x00007ffe328cb000 	C:\Program Files\Eclipse Adoptium\jdk-21.0.8.9-hotspot\bin\management_ext.dll
0x00007ffe52330000 - 0x00007ffe52338000 	C:\WINDOWS\System32\PSAPI.DLL
0x00007ffe4ec30000 - 0x00007ffe4ec62000 	C:\WINDOWS\SYSTEM32\IPHLPAPI.DLL
0x00007ffe52340000 - 0x00007ffe5234a000 	C:\WINDOWS\System32\NSI.dll
0x00007ffe2dcb0000 - 0x00007ffe2dcb9000 	C:\Program Files\Eclipse Adoptium\jdk-21.0.8.9-hotspot\bin\extnet.dll
0x00007ffe4fbc0000 - 0x00007ffe4fbdb000 	C:\WINDOWS\SYSTEM32\CRYPTSP.dll
0x00007ffe4f2c0000 - 0x00007ffe4f2f9000 	C:\WINDOWS\system32\rsaenh.dll
0x00007ffe4f980000 - 0x00007ffe4f9b3000 	C:\WINDOWS\SYSTEM32\USERENV.dll
0x00007ffe504c0000 - 0x00007ffe504ea000 	C:\WINDOWS\SYSTEM32\bcrypt.dll
0x00007ffe4fbb0000 - 0x00007ffe4fbbc000 	C:\WINDOWS\SYSTEM32\CRYPTBASE.dll
0x00007ffe297a0000 - 0x00007ffe297ae000 	C:\Program Files\Eclipse Adoptium\jdk-21.0.8.9-hotspot\bin\sunmscapi.dll
0x00007ffe517c0000 - 0x00007ffe51937000 	C:\WINDOWS\System32\CRYPT32.dll
0x00007ffe4fdd0000 - 0x00007ffe4fe00000 	C:\WINDOWS\SYSTEM32\ncrypt.dll
0x00007ffe4fd80000 - 0x00007ffe4fdbf000 	C:\WINDOWS\SYSTEM32\NTASN1.dll
0x00007ffe19c20000 - 0x00007ffe19c28000 	C:\WINDOWS\system32\wshunix.dll

JVMTI agents:
C:\Users\Admin\.gradle\wrapper\dists\gradle-9.3.1-bin\23ovyewtku6u96viwx3xl3oks\gradle-9.3.1\lib\agents\gradle-instrumentation-agent-9.3.1.jar path:C:\Program Files\Eclipse Adoptium\jdk-21.0.8.9-hotspot\bin\instrument.dll, loaded, initialized, instrumentlib options:none

dbghelp: loaded successfully - version: 4.0.5 - missing functions: none
symbol engine: initialized successfully - sym options: 0x614 - pdb path: .;C:\Program Files\Eclipse Adoptium\jdk-21.0.8.9-hotspot\bin;C:\WINDOWS\SYSTEM32;C:\WINDOWS\WinSxS\amd64_microsoft.windows.common-controls_6595b64144ccf1df_6.0.26100.8115_none_3e075c82e3354f9c;C:\Program Files\Eclipse Adoptium\jdk-21.0.8.9-hotspot\bin\server;C:\Users\Admin\.gradle\native\660c5614fbf4a5f2a75b1949f50a0caf5cd603558e7d8a26e50b933a0cfb79d1\windows-amd64;C:\Users\Admin\.gradle\native\0.2.8\x86_64-windows-gnu

VM Arguments:
jvm_args: --add-opens=java.base/java.lang=ALL-UNNAMED --add-opens=java.base/java.lang.invoke=ALL-UNNAMED --add-opens=java.base/java.util=ALL-UNNAMED --add-opens=java.prefs/java.util.prefs=ALL-UNNAMED --add-exports=jdk.compiler/com.sun.tools.javac.api=ALL-UNNAMED --add-exports=jdk.compiler/com.sun.tools.javac.util=ALL-UNNAMED --add-opens=java.base/java.util=ALL-UNNAMED --add-opens=java.prefs/java.util.prefs=ALL-UNNAMED --add-opens=java.base/java.nio.charset=ALL-UNNAMED --add-opens=java.base/java.net=ALL-UNNAMED --add-opens=java.base/java.util.concurrent=ALL-UNNAMED --add-opens=java.base/java.util.concurrent.atomic=ALL-UNNAMED --add-opens=java.xml/javax.xml.namespace=ALL-UNNAMED --add-opens=java.base/java.time=ALL-UNNAMED -XX:MaxMetaspaceSize=384m -XX:+HeapDumpOnOutOfMemoryError -Xms256m -Xmx512m -Dfile.encoding=UTF-8 -Duser.country=US -Duser.language=en -Duser.variant -javaagent:C:\Users\Admin\.gradle\wrapper\dists\gradle-9.3.1-bin\23ovyewtku6u96viwx3xl3oks\gradle-9.3.1\lib\agents\gradle-instrumentation-agent-9.3.1.jar 
java_command: org.gradle.launcher.daemon.bootstrap.GradleDaemon 9.3.1
java_class_path (initial): C:\Users\Admin\.gradle\wrapper\dists\gradle-9.3.1-bin\23ovyewtku6u96viwx3xl3oks\gradle-9.3.1\lib\gradle-daemon-main-9.3.1.jar
Launcher Type: SUN_STANDARD

[Global flags]
     intx CICompilerCount                          = 12                                        {product} {ergonomic}
   size_t CompressedClassSpaceSize                 = 335544320                                 {product} {ergonomic}
     uint ConcGCThreads                            = 3                                         {product} {ergonomic}
     uint G1ConcRefinementThreads                  = 13                                        {product} {ergonomic}
   size_t G1HeapRegionSize                         = 1048576                                   {product} {ergonomic}
    uintx GCDrainStackTargetSize                   = 64                                        {product} {ergonomic}
     bool HeapDumpOnOutOfMemoryError               = true                                   {manageable} {command line}
   size_t InitialHeapSize                          = 268435456                                 {product} {command line}
   size_t MarkStackSize                            = 4194304                                   {product} {ergonomic}
   size_t MaxHeapSize                              = 536870912                                 {product} {command line}
   size_t MaxMetaspaceSize                         = 402653184                                 {product} {command line}
   size_t MaxNewSize                               = 321912832                                 {product} {ergonomic}
   size_t MinHeapDeltaBytes                        = 1048576                                   {product} {ergonomic}
   size_t MinHeapSize                              = 268435456                                 {product} {command line}
    uintx NonNMethodCodeHeapSize                   = 7602480                                {pd product} {ergonomic}
    uintx NonProfiledCodeHeapSize                  = 122027880                              {pd product} {ergonomic}
    uintx ProfiledCodeHeapSize                     = 122027880                              {pd product} {ergonomic}
    uintx ReservedCodeCacheSize                    = 251658240                              {pd product} {ergonomic}
     bool SegmentedCodeCache                       = true                                      {product} {ergonomic}
   size_t SoftMaxHeapSize                          = 536870912                              {manageable} {ergonomic}
     bool UseCompressedOops                        = true                           {product lp64_product} {ergonomic}
     bool UseG1GC                                  = true                                      {product} {ergonomic}
     bool UseLargePagesIndividualAllocation        = false                                  {pd product} {ergonomic}

Logging:
Log output configuration:
 #0: stdout all=warning uptime,level,tags foldmultilines=false
 #1: stderr all=off uptime,level,tags foldmultilines=false

Environment Variables:
JAVA_HOME=C:\Program Files\Eclipse Adoptium\jdk-21.0.8.9-hotspot
PATH=C:\Program Files\Eclipse Adoptium\jdk-21.0.8.9-hotspot\bin;C:\Python312\Scripts\;C:\Python312\;C:\Program Files\Common Files\Oracle\Java\javapath;C:\WINDOWS\system32;C:\WINDOWS;C:\WINDOWS\System32\Wbem;C:\WINDOWS\System32\WindowsPowerShell\v1.0\;C:\WINDOWS\System32\OpenSSH\;C:\ProgramData\chocolatey\bin;C:\Program Files\Git\cmd;C:\Program Files\dotnet\;C:\Users\Admin\MAVEN\apache-maven-3.9.9\bin;C:\Program Files\Docker\Docker\resources\bin;C:\Program Files\nodejs\;C:\Program Files\Eclipse Adoptium\jdk-21.0.8.9-hotspot\bin;C:\Users\Admin\OneDrive\Desktop\TaiLieuDoan\ffmpeg\ffmpeg-2025-11-12-git-6cdd2cbe32-essentials_build\bin;C:\Program Files\PostgreSQL\17\bin;C:\Users\Admin\AppData\Local\Microsoft\WindowsApps;C:\Users\Admin\AppData\Local\Programs\Microsoft VS Code\bin;C:\Program Files\JetBrains\IntelliJ IDEA 2024.1.4\bin;;C:\mingw64\bin;C:\Users\Admin\.dotnet\tools;C:\Users\Admin\AppData\Local\Android\Sdk\platform-tools;C:\Users\Admin\AppData\Roaming\npm
USERNAME=Admin
OS=Windows_NT
PROCESSOR_IDENTIFIER=Intel64 Family 6 Model 154 Stepping 3, GenuineIntel
TMP=C:\Users\Admin\AppData\Local\Temp
TEMP=C:\Users\Admin\AppData\Local\Temp




Periodic native trim disabled

---------------  S Y S T E M  ---------------

OS:
 Windows 11 , 64 bit Build 26100 (10.0.26100.8115)
OS uptime: 1 days 5:02 hours
Hyper-V role detected

CPU: total 16 (initial active 16) (8 cores per cpu, 2 threads per core) family 6 model 154 stepping 3 microcode 0x437, cx8, cmov, fxsr, ht, mmx, 3dnowpref, sse, sse2, sse3, ssse3, sse4.1, sse4.2, popcnt, lzcnt, tsc, tscinvbit, avx, avx2, aes, erms, clmul, bmi1, bmi2, adx, sha, fma, vzeroupper, clflush, clflushopt, clwb, hv, serialize, rdtscp, rdpid, fsrm, f16c, cet_ibt, cet_ss
Processor Information for processor 0
  Max Mhz: 1700, Current Mhz: 1700, Mhz Limit: 1700
Processor Information for processor 1
  Max Mhz: 1700, Current Mhz: 1457, Mhz Limit: 1700
Processor Information for processor 2
  Max Mhz: 1700, Current Mhz: 1700, Mhz Limit: 1700
Processor Information for processor 3
  Max Mhz: 1700, Current Mhz: 1700, Mhz Limit: 1700
Processor Information for processor 4
  Max Mhz: 1700, Current Mhz: 1700, Mhz Limit: 1700
Processor Information for processor 5
  Max Mhz: 1700, Current Mhz: 1700, Mhz Limit: 1700
Processor Information for processor 6
  Max Mhz: 1700, Current Mhz: 1700, Mhz Limit: 1700
Processor Information for processor 7
  Max Mhz: 1700, Current Mhz: 1700, Mhz Limit: 1700
Processor Information for processor 8
  Max Mhz: 1700, Current Mhz: 1700, Mhz Limit: 1700
Processor Information for processor 9
  Max Mhz: 1700, Current Mhz: 1700, Mhz Limit: 1700
Processor Information for processor 10
  Max Mhz: 1700, Current Mhz: 1700, Mhz Limit: 1700
Processor Information for processor 11
  Max Mhz: 1700, Current Mhz: 1700, Mhz Limit: 1700
Processor Information for processor 12
  Max Mhz: 1700, Current Mhz: 1700, Mhz Limit: 1700
Processor Information for processor 13
  Max Mhz: 1700, Current Mhz: 1700, Mhz Limit: 1700
Processor Information for processor 14
  Max Mhz: 1700, Current Mhz: 1700, Mhz Limit: 1700
Processor Information for processor 15
  Max Mhz: 1700, Current Mhz: 1700, Mhz Limit: 1700

Memory: 4k page, system-wide physical 16068M (1521M free)
TotalPageFile size 24260M (AvailPageFile size 8M)
current process WorkingSet (physical memory assigned to process): 382M, peak: 385M
current process commit charge ("private bytes"): 514M, peak: 518M

vm_info: OpenJDK 64-Bit Server VM (21.0.8+9-LTS) for windows-amd64 JRE (21.0.8+9-LTS), built on 2025-07-15T00:00:00Z by "admin" with MS VC++ 17.7 (VS2022)

END.
